{"C:\\Users\\neethu.kp\\GitRepo-workspace\\accsm-sg-ui\\src\\main\\webapp\\src\\app\\app-routing.module.ts": {"path":"C:\\Users\\neethu.kp\\GitRepo-workspace\\accsm-sg-ui\\src\\main\\webapp\\src\\app\\app-routing.module.ts","statementMap":{"0":{"start":{"line":1,"column":0},"end":{"line":1,"column":41}},"1":{"start":{"line":2,"column":0},"end":{"line":2,"column":55}},"2":{"start":{"line":3,"column":0},"end":{"line":3,"column":71}},"3":{"start":{"line":4,"column":0},"end":{"line":4,"column":72}},"4":{"start":{"line":6,"column":23},"end":{"line":9,"column":2}},"5":{"start":{"line":14,"column":0},"end":{"line":14,"column":13}},"6":{"start":{"line":14,"column":13},"end":{"line":14,"column":null}},"7":{"start":{"line":14,"column":31},"end":{"line":14,"column":null}},"8":{"start":{"line":14,"column":13},"end":{"line":14,"column":29}}},"fnMap":{"0":{"name":"(anonymous_1)","decl":{"start":{"line":14,"column":0},"end":{"line":14,"column":13}},"loc":{"start":{"line":14,"column":0},"end":{"line":14,"column":13}}}},"branchMap":{},"s":{"0":1,"1":1,"2":1,"3":1,"4":1,"5":1,"6":1,"7":1,"8":1},"f":{"0":7},"b":{}}
,"C:\\Users\\neethu.kp\\GitRepo-workspace\\accsm-sg-ui\\src\\main\\webapp\\src\\app\\app.component.html": {"data":{"path":"C:\\Users\\neethu.kp\\GitRepo-workspace\\accsm-sg-ui\\src\\main\\webapp\\src\\app\\app.component.html","statementMap":{"0":{"start":{"line":1,"column":0},"end":{"line":1,"column":250}}},"fnMap":{},"branchMap":{},"s":{"0":2},"f":{},"b":{},"_coverageSchema":"43e27e138ebf9cfc5966b082cf9a028302ed4184","hash":"f7ad4cc53f5c2a5dbfb9cdb9c2e065c0e3528ba3"}}
,"C:\\Users\\neethu.kp\\GitRepo-workspace\\accsm-sg-ui\\src\\main\\webapp\\src\\app\\app.component.ts": {"path":"C:\\Users\\neethu.kp\\GitRepo-workspace\\accsm-sg-ui\\src\\main\\webapp\\src\\app\\app.component.ts","statementMap":{"0":{"start":{"line":1,"column":0},"end":{"line":1,"column":77}},"1":{"start":{"line":2,"column":0},"end":{"line":2,"column":43}},"2":{"start":{"line":4,"column":0},"end":{"line":4,"column":78}},"3":{"start":{"line":6,"column":0},"end":{"line":6,"column":78}},"4":{"start":{"line":7,"column":0},"end":{"line":7,"column":45}},"5":{"start":{"line":14,"column":0},"end":{"line":14,"column":13}},"6":{"start":{"line":18,"column":28},"end":{"line":18,"column":null}},"7":{"start":{"line":19,"column":10},"end":{"line":19,"column":31}},"8":{"start":{"line":20,"column":10},"end":{"line":20,"column":16}},"9":{"start":{"line":21,"column":10},"end":{"line":21,"column":25}},"10":{"start":{"line":22,"column":10},"end":{"line":22,"column":26}},"11":{"start":{"line":15,"column":1},"end":{"line":15,"column":23}},"12":{"start":{"line":16,"column":1},"end":{"line":16,"column":35}},"13":{"start":{"line":25,"column":1},"end":{"line":31,"column":null}},"14":{"start":{"line":30,"column":2},"end":{"line":30,"column":25}},"15":{"start":{"line":33,"column":1},"end":{"line":56,"column":null}},"16":{"start":{"line":33,"column":1},"end":{"line":33,"column":16}},"17":{"start":{"line":34,"column":10},"end":{"line":39,"column":4}},"18":{"start":{"line":35,"column":3},"end":{"line":35,"column":31}},"19":{"start":{"line":36,"column":3},"end":{"line":38,"column":6}},"20":{"start":{"line":37,"column":4},"end":{"line":37,"column":42}},"21":{"start":{"line":40,"column":2},"end":{"line":40,"column":28}},"22":{"start":{"line":41,"column":2},"end":{"line":46,"column":5}},"23":{"start":{"line":42,"column":3},"end":{"line":42,"column":32}},"24":{"start":{"line":43,"column":3},"end":{"line":45,"column":6}},"25":{"start":{"line":44,"column":4},"end":{"line":44,"column":41}},"26":{"start":{"line":47,"column":2},"end":{"line":47,"column":28}},"27":{"start":{"line":49,"column":2},"end":{"line":54,"column":5}},"28":{"start":{"line":50,"column":3},"end":{"line":50,"column":32}},"29":{"start":{"line":51,"column":3},"end":{"line":53,"column":6}},"30":{"start":{"line":52,"column":4},"end":{"line":52,"column":41}},"31":{"start":{"line":55,"column":2},"end":{"line":55,"column":28}},"32":{"start":{"line":58,"column":1},"end":{"line":60,"column":null}},"33":{"start":{"line":59,"column":2},"end":{"line":59,"column":52}},"34":{"start":{"line":59,"column":35},"end":{"line":59,"column":51}},"35":{"start":{"line":14,"column":13},"end":{"line":61,"column":null}},"36":{"start":{"line":61,"column":0},"end":{"line":61,"column":null}},"37":{"start":{"line":14,"column":13},"end":{"line":14,"column":25}}},"fnMap":{"0":{"name":"(anonymous_4)","decl":{"start":{"line":14,"column":0},"end":{"line":14,"column":13}},"loc":{"start":{"line":14,"column":0},"end":{"line":14,"column":13}}},"1":{"name":"AppComponent","decl":{"start":{"line":17,"column":1},"end":{"line":17,"column":null}},"loc":{"start":{"line":22,"column":40},"end":{"line":23,"column":5}}},"2":{"name":"(anonymous_6)","decl":{"start":{"line":25,"column":1},"end":{"line":25,"column":9}},"loc":{"start":{"line":25,"column":1},"end":{"line":31,"column":2}}},"3":{"name":"(anonymous_7)","decl":{"start":{"line":33,"column":1},"end":{"line":33,"column":16}},"loc":{"start":{"line":33,"column":1},"end":{"line":56,"column":2}}},"4":{"name":"(anonymous_8)","decl":{"start":{"line":34,"column":61},"end":{"line":34,"column":62}},"loc":{"start":{"line":34,"column":79},"end":{"line":39,"column":3}}},"5":{"name":"(anonymous_9)","decl":{"start":{"line":36,"column":17},"end":{"line":36,"column":null}},"loc":{"start":{"line":36,"column":17},"end":{"line":38,"column":4}}},"6":{"name":"(anonymous_10)","decl":{"start":{"line":41,"column":57},"end":{"line":41,"column":58}},"loc":{"start":{"line":41,"column":75},"end":{"line":46,"column":3}}},"7":{"name":"(anonymous_11)","decl":{"start":{"line":43,"column":17},"end":{"line":43,"column":null}},"loc":{"start":{"line":43,"column":17},"end":{"line":45,"column":4}}},"8":{"name":"(anonymous_12)","decl":{"start":{"line":49,"column":57},"end":{"line":49,"column":58}},"loc":{"start":{"line":49,"column":75},"end":{"line":54,"column":3}}},"9":{"name":"(anonymous_13)","decl":{"start":{"line":51,"column":17},"end":{"line":51,"column":null}},"loc":{"start":{"line":51,"column":17},"end":{"line":53,"column":4}}},"10":{"name":"(anonymous_14)","decl":{"start":{"line":58,"column":1},"end":{"line":58,"column":12}},"loc":{"start":{"line":58,"column":1},"end":{"line":60,"column":2}}},"11":{"name":"(anonymous_15)","decl":{"start":{"line":59,"column":28},"end":{"line":59,"column":29}},"loc":{"start":{"line":59,"column":30},"end":{"line":59,"column":36}}}},"branchMap":{},"s":{"0":2,"1":2,"2":2,"3":2,"4":2,"5":2,"6":20,"7":20,"8":20,"9":20,"10":20,"11":20,"12":20,"13":2,"14":4,"15":2,"16":4,"17":4,"18":1,"19":1,"20":1,"21":4,"22":4,"23":1,"24":1,"25":1,"26":4,"27":4,"28":1,"29":1,"30":1,"31":4,"32":2,"33":18,"34":9,"35":2,"36":2,"37":2},"f":{"0":2,"1":20,"2":4,"3":4,"4":1,"5":1,"6":1,"7":1,"8":1,"9":1,"10":18,"11":9},"b":{}}
,"C:\\Users\\neethu.kp\\GitRepo-workspace\\accsm-sg-ui\\src\\main\\webapp\\src\\app\\edi-cancel\\edi-cancel.component.html": {"data":{"path":"C:\\Users\\neethu.kp\\GitRepo-workspace\\accsm-sg-ui\\src\\main\\webapp\\src\\app\\edi-cancel\\edi-cancel.component.html","statementMap":{"0":{"start":{"line":1,"column":0},"end":{"line":1,"column":8634}}},"fnMap":{},"branchMap":{},"s":{"0":2},"f":{},"b":{},"_coverageSchema":"43e27e138ebf9cfc5966b082cf9a028302ed4184","hash":"da55d8135ff3e580669c28a3d2cc1fb344c51de8"}}
,"C:\\Users\\neethu.kp\\GitRepo-workspace\\accsm-sg-ui\\src\\main\\webapp\\src\\app\\edi-cancel\\edi-cancel.component.ts": {"path":"C:\\Users\\neethu.kp\\GitRepo-workspace\\accsm-sg-ui\\src\\main\\webapp\\src\\app\\edi-cancel\\edi-cancel.component.ts","statementMap":{"0":{"start":{"line":1,"column":0},"end":{"line":1,"column":58}},"1":{"start":{"line":3,"column":0},"end":{"line":3,"column":86}},"2":{"start":{"line":4,"column":0},"end":{"line":4,"column":50}},"3":{"start":{"line":5,"column":0},"end":{"line":5,"column":71}},"4":{"start":{"line":6,"column":0},"end":{"line":6,"column":68}},"5":{"start":{"line":7,"column":0},"end":{"line":7,"column":47}},"6":{"start":{"line":9,"column":0},"end":{"line":9,"column":45}},"7":{"start":{"line":10,"column":0},"end":{"line":10,"column":64}},"8":{"start":{"line":17,"column":0},"end":{"line":17,"column":13}},"9":{"start":{"line":33,"column":10},"end":{"line":33,"column":21}},"10":{"start":{"line":34,"column":10},"end":{"line":34,"column":23}},"11":{"start":{"line":35,"column":10},"end":{"line":35,"column":19}},"12":{"start":{"line":36,"column":10},"end":{"line":36,"column":26}},"13":{"start":{"line":37,"column":10},"end":{"line":37,"column":16}},"14":{"start":{"line":18,"column":1},"end":{"line":18,"column":35}},"15":{"start":{"line":19,"column":1},"end":{"line":19,"column":28}},"16":{"start":{"line":20,"column":1},"end":{"line":20,"column":19}},"17":{"start":{"line":21,"column":1},"end":{"line":21,"column":21}},"18":{"start":{"line":22,"column":1},"end":{"line":22,"column":29}},"19":{"start":{"line":23,"column":1},"end":{"line":23,"column":32}},"20":{"start":{"line":24,"column":1},"end":{"line":24,"column":20}},"21":{"start":{"line":25,"column":1},"end":{"line":25,"column":22}},"22":{"start":{"line":26,"column":1},"end":{"line":26,"column":30}},"23":{"start":{"line":28,"column":1},"end":{"line":28,"column":36}},"24":{"start":{"line":29,"column":1},"end":{"line":29,"column":20}},"25":{"start":{"line":30,"column":1},"end":{"line":30,"column":20}},"26":{"start":{"line":40,"column":1},"end":{"line":45,"column":null}},"27":{"start":{"line":40,"column":1},"end":{"line":40,"column":9}},"28":{"start":{"line":41,"column":2},"end":{"line":41,"column":49}},"29":{"start":{"line":42,"column":2},"end":{"line":44,"column":5}},"30":{"start":{"line":43,"column":3},"end":{"line":43,"column":28}},"31":{"start":{"line":47,"column":1},"end":{"line":62,"column":null}},"32":{"start":{"line":47,"column":1},"end":{"line":47,"column":20}},"33":{"start":{"line":48,"column":2},"end":{"line":48,"column":25}},"34":{"start":{"line":49,"column":2},"end":{"line":49,"column":22}},"35":{"start":{"line":50,"column":23},"end":{"line":50,"column":73}},"36":{"start":{"line":51,"column":14},"end":{"line":51,"column":47}},"37":{"start":{"line":52,"column":15},"end":{"line":52,"column":31}},"38":{"start":{"line":53,"column":2},"end":{"line":53,"column":52}},"39":{"start":{"line":54,"column":2},"end":{"line":61,"column":4}},"40":{"start":{"line":56,"column":4},"end":{"line":58,"column":null}},"41":{"start":{"line":57,"column":5},"end":{"line":57,"column":55}},"42":{"start":{"line":64,"column":1},"end":{"line":79,"column":null}},"43":{"start":{"line":64,"column":1},"end":{"line":64,"column":22}},"44":{"start":{"line":65,"column":2},"end":{"line":65,"column":27}},"45":{"start":{"line":66,"column":2},"end":{"line":66,"column":22}},"46":{"start":{"line":67,"column":23},"end":{"line":67,"column":75}},"47":{"start":{"line":68,"column":14},"end":{"line":68,"column":50}},"48":{"start":{"line":69,"column":15},"end":{"line":69,"column":31}},"49":{"start":{"line":70,"column":2},"end":{"line":70,"column":52}},"50":{"start":{"line":71,"column":2},"end":{"line":78,"column":4}},"51":{"start":{"line":73,"column":4},"end":{"line":75,"column":null}},"52":{"start":{"line":74,"column":5},"end":{"line":74,"column":58}},"53":{"start":{"line":81,"column":1},"end":{"line":85,"column":null}},"54":{"start":{"line":82,"column":2},"end":{"line":84,"column":null}},"55":{"start":{"line":83,"column":3},"end":{"line":83,"column":21}},"56":{"start":{"line":87,"column":1},"end":{"line":91,"column":null}},"57":{"start":{"line":88,"column":2},"end":{"line":90,"column":null}},"58":{"start":{"line":89,"column":3},"end":{"line":89,"column":21}},"59":{"start":{"line":93,"column":1},"end":{"line":130,"column":null}},"60":{"start":{"line":93,"column":1},"end":{"line":93,"column":11}},"61":{"start":{"line":94,"column":12},"end":{"line":94,"column":54}},"62":{"start":{"line":95,"column":2},"end":{"line":115,"column":null}},"63":{"start":{"line":97,"column":4},"end":{"line":99,"column":59}},"64":{"start":{"line":100,"column":16},"end":{"line":100,"column":32}},"65":{"start":{"line":102,"column":3},"end":{"line":102,"column":50}},"66":{"start":{"line":103,"column":3},"end":{"line":106,"column":54}},"67":{"start":{"line":107,"column":3},"end":{"line":114,"column":5}},"68":{"start":{"line":109,"column":5},"end":{"line":111,"column":null}},"69":{"start":{"line":110,"column":6},"end":{"line":110,"column":34}},"70":{"start":{"line":116,"column":2},"end":{"line":129,"column":null}},"71":{"start":{"line":117,"column":3},"end":{"line":117,"column":21}},"72":{"start":{"line":121,"column":3},"end":{"line":128,"column":5}},"73":{"start":{"line":123,"column":5},"end":{"line":125,"column":null}},"74":{"start":{"line":124,"column":6},"end":{"line":124,"column":34}},"75":{"start":{"line":132,"column":1},"end":{"line":140,"column":null}},"76":{"start":{"line":133,"column":2},"end":{"line":133,"column":26}},"77":{"start":{"line":134,"column":21},"end":{"line":134,"column":44}},"78":{"start":{"line":135,"column":2},"end":{"line":139,"column":null}},"79":{"start":{"line":136,"column":3},"end":{"line":136,"column":31}},"80":{"start":{"line":138,"column":3},"end":{"line":138,"column":26}},"81":{"start":{"line":142,"column":1},"end":{"line":162,"column":null}},"82":{"start":{"line":143,"column":2},"end":{"line":143,"column":22}},"83":{"start":{"line":144,"column":2},"end":{"line":161,"column":null}},"84":{"start":{"line":147,"column":3},"end":{"line":150,"column":6}},"85":{"start":{"line":148,"column":4},"end":{"line":148,"column":23}},"86":{"start":{"line":151,"column":3},"end":{"line":151,"column":25}},"87":{"start":{"line":153,"column":3},"end":{"line":153,"column":39}},"88":{"start":{"line":154,"column":3},"end":{"line":160,"column":6}},"89":{"start":{"line":164,"column":1},"end":{"line":172,"column":null}},"90":{"start":{"line":165,"column":2},"end":{"line":165,"column":26}},"91":{"start":{"line":166,"column":2},"end":{"line":166,"column":28}},"92":{"start":{"line":167,"column":2},"end":{"line":167,"column":24}},"93":{"start":{"line":168,"column":2},"end":{"line":168,"column":21}},"94":{"start":{"line":169,"column":2},"end":{"line":169,"column":26}},"95":{"start":{"line":170,"column":2},"end":{"line":170,"column":22}},"96":{"start":{"line":171,"column":2},"end":{"line":171,"column":28}},"97":{"start":{"line":174,"column":1},"end":{"line":180,"column":null}},"98":{"start":{"line":175,"column":2},"end":{"line":179,"column":null}},"99":{"start":{"line":176,"column":3},"end":{"line":178,"column":5}},"100":{"start":{"line":177,"column":14},"end":{"line":177,"column":null}},"101":{"start":{"line":182,"column":1},"end":{"line":191,"column":null}},"102":{"start":{"line":183,"column":19},"end":{"line":183,"column":71}},"103":{"start":{"line":184,"column":2},"end":{"line":184,"column":104}},"104":{"start":{"line":184,"column":44},"end":{"line":184,"column":103}},"105":{"start":{"line":185,"column":2},"end":{"line":189,"column":null}},"106":{"start":{"line":186,"column":3},"end":{"line":186,"column":26}},"107":{"start":{"line":188,"column":3},"end":{"line":188,"column":27}},"108":{"start":{"line":190,"column":2},"end":{"line":190,"column":20}},"109":{"start":{"line":193,"column":1},"end":{"line":252,"column":null}},"110":{"start":{"line":193,"column":1},"end":{"line":193,"column":17}},"111":{"start":{"line":194,"column":2},"end":{"line":251,"column":null}},"112":{"start":{"line":195,"column":35},"end":{"line":195,"column":83}},"113":{"start":{"line":197,"column":3},"end":{"line":201,"column":6}},"114":{"start":{"line":198,"column":4},"end":{"line":198,"column":24}},"115":{"start":{"line":199,"column":4},"end":{"line":199,"column":32}},"116":{"start":{"line":202,"column":15},"end":{"line":202,"column":36}},"117":{"start":{"line":204,"column":3},"end":{"line":241,"column":5}},"118":{"start":{"line":206,"column":5},"end":{"line":238,"column":null}},"119":{"start":{"line":207,"column":23},"end":{"line":207,"column":25}},"120":{"start":{"line":208,"column":25},"end":{"line":208,"column":30}},"121":{"start":{"line":209,"column":6},"end":{"line":215,"column":9}},"122":{"start":{"line":210,"column":7},"end":{"line":213,"column":null}},"123":{"start":{"line":211,"column":8},"end":{"line":211,"column":28}},"124":{"start":{"line":212,"column":8},"end":{"line":212,"column":51}},"125":{"start":{"line":214,"column":7},"end":{"line":214,"column":54}},"126":{"start":{"line":216,"column":6},"end":{"line":234,"column":null}},"127":{"start":{"line":217,"column":7},"end":{"line":217,"column":43}},"128":{"start":{"line":218,"column":7},"end":{"line":224,"column":10}},"129":{"start":{"line":226,"column":7},"end":{"line":226,"column":43}},"130":{"start":{"line":227,"column":7},"end":{"line":233,"column":10}},"131":{"start":{"line":237,"column":6},"end":{"line":237,"column":32}},"132":{"start":{"line":243,"column":3},"end":{"line":243,"column":39}},"133":{"start":{"line":244,"column":3},"end":{"line":250,"column":6}},"134":{"start":{"line":17,"column":13},"end":{"line":253,"column":null}},"135":{"start":{"line":253,"column":0},"end":{"line":253,"column":null}},"136":{"start":{"line":17,"column":13},"end":{"line":17,"column":31}}},"fnMap":{"0":{"name":"(anonymous_2)","decl":{"start":{"line":17,"column":0},"end":{"line":17,"column":13}},"loc":{"start":{"line":17,"column":0},"end":{"line":17,"column":13}}},"1":{"name":"EdiCancelComponent","decl":{"start":{"line":32,"column":1},"end":{"line":32,"column":null}},"loc":{"start":{"line":37,"column":22},"end":{"line":38,"column":5}}},"2":{"name":"(anonymous_4)","decl":{"start":{"line":40,"column":1},"end":{"line":40,"column":9}},"loc":{"start":{"line":40,"column":1},"end":{"line":45,"column":2}}},"3":{"name":"(anonymous_5)","decl":{"start":{"line":42,"column":39},"end":{"line":42,"column":40}},"loc":{"start":{"line":42,"column":48},"end":{"line":44,"column":3}}},"4":{"name":"(anonymous_6)","decl":{"start":{"line":47,"column":1},"end":{"line":47,"column":20}},"loc":{"start":{"line":47,"column":1},"end":{"line":62,"column":2}}},"5":{"name":"(anonymous_7)","decl":{"start":{"line":55,"column":3},"end":{"line":55,"column":4}},"loc":{"start":{"line":55,"column":7},"end":{"line":59,"column":4}}},"6":{"name":"(anonymous_8)","decl":{"start":{"line":60,"column":3},"end":{"line":60,"column":4}},"loc":{"start":{"line":60,"column":7},"end":{"line":60,"column":14}}},"7":{"name":"(anonymous_9)","decl":{"start":{"line":64,"column":1},"end":{"line":64,"column":22}},"loc":{"start":{"line":64,"column":1},"end":{"line":79,"column":2}}},"8":{"name":"(anonymous_10)","decl":{"start":{"line":72,"column":3},"end":{"line":72,"column":4}},"loc":{"start":{"line":72,"column":7},"end":{"line":76,"column":4}}},"9":{"name":"(anonymous_11)","decl":{"start":{"line":77,"column":3},"end":{"line":77,"column":4}},"loc":{"start":{"line":77,"column":7},"end":{"line":77,"column":14}}},"10":{"name":"(anonymous_12)","decl":{"start":{"line":81,"column":1},"end":{"line":81,"column":13}},"loc":{"start":{"line":81,"column":1},"end":{"line":85,"column":2}}},"11":{"name":"(anonymous_13)","decl":{"start":{"line":87,"column":1},"end":{"line":87,"column":15}},"loc":{"start":{"line":87,"column":1},"end":{"line":91,"column":2}}},"12":{"name":"(anonymous_14)","decl":{"start":{"line":93,"column":1},"end":{"line":93,"column":11}},"loc":{"start":{"line":93,"column":38},"end":{"line":130,"column":2}}},"13":{"name":"(anonymous_15)","decl":{"start":{"line":108,"column":4},"end":{"line":108,"column":5}},"loc":{"start":{"line":108,"column":22},"end":{"line":112,"column":5}}},"14":{"name":"(anonymous_16)","decl":{"start":{"line":113,"column":4},"end":{"line":113,"column":5}},"loc":{"start":{"line":113,"column":8},"end":{"line":113,"column":15}}},"15":{"name":"(anonymous_17)","decl":{"start":{"line":122,"column":4},"end":{"line":122,"column":5}},"loc":{"start":{"line":122,"column":22},"end":{"line":126,"column":5}}},"16":{"name":"(anonymous_18)","decl":{"start":{"line":127,"column":4},"end":{"line":127,"column":5}},"loc":{"start":{"line":127,"column":8},"end":{"line":127,"column":15}}},"17":{"name":"(anonymous_19)","decl":{"start":{"line":132,"column":1},"end":{"line":132,"column":12}},"loc":{"start":{"line":132,"column":26},"end":{"line":140,"column":2}}},"18":{"name":"(anonymous_20)","decl":{"start":{"line":142,"column":1},"end":{"line":142,"column":18}},"loc":{"start":{"line":142,"column":37},"end":{"line":162,"column":2}}},"19":{"name":"(anonymous_21)","decl":{"start":{"line":147,"column":16},"end":{"line":147,"column":17}},"loc":{"start":{"line":147,"column":28},"end":{"line":150,"column":4}}},"20":{"name":"(anonymous_22)","decl":{"start":{"line":164,"column":1},"end":{"line":164,"column":17}},"loc":{"start":{"line":164,"column":1},"end":{"line":172,"column":2}}},"21":{"name":"(anonymous_23)","decl":{"start":{"line":174,"column":1},"end":{"line":174,"column":18}},"loc":{"start":{"line":174,"column":1},"end":{"line":180,"column":2}}},"22":{"name":"(anonymous_24)","decl":{"start":{"line":177,"column":4},"end":{"line":177,"column":5}},"loc":{"start":{"line":177,"column":9},"end":{"line":177,"column":18}}},"23":{"name":"(anonymous_25)","decl":{"start":{"line":182,"column":1},"end":{"line":182,"column":12}},"loc":{"start":{"line":182,"column":26},"end":{"line":191,"column":2}}},"24":{"name":"(anonymous_26)","decl":{"start":{"line":184,"column":33},"end":{"line":184,"column":34}},"loc":{"start":{"line":184,"column":39},"end":{"line":184,"column":49}}},"25":{"name":"(anonymous_27)","decl":{"start":{"line":193,"column":1},"end":{"line":193,"column":17}},"loc":{"start":{"line":193,"column":1},"end":{"line":252,"column":2}}},"26":{"name":"(anonymous_28)","decl":{"start":{"line":197,"column":35},"end":{"line":197,"column":36}},"loc":{"start":{"line":197,"column":42},"end":{"line":201,"column":4}}},"27":{"name":"(anonymous_29)","decl":{"start":{"line":205,"column":4},"end":{"line":205,"column":5}},"loc":{"start":{"line":205,"column":8},"end":{"line":239,"column":5}}},"28":{"name":"(anonymous_30)","decl":{"start":{"line":209,"column":27},"end":{"line":209,"column":28}},"loc":{"start":{"line":209,"column":37},"end":{"line":215,"column":7}}},"29":{"name":"(anonymous_31)","decl":{"start":{"line":240,"column":4},"end":{"line":240,"column":5}},"loc":{"start":{"line":240,"column":8},"end":{"line":240,"column":15}}}},"branchMap":{"0":{"loc":{"start":{"line":56,"column":4},"end":{"line":58,"column":null}},"type":"if","locations":[{"start":{"line":56,"column":4},"end":{"line":58,"column":null}},{"start":{"line":56,"column":4},"end":{"line":58,"column":null}}]},"1":{"loc":{"start":{"line":73,"column":4},"end":{"line":75,"column":null}},"type":"if","locations":[{"start":{"line":73,"column":4},"end":{"line":75,"column":null}},{"start":{"line":73,"column":4},"end":{"line":75,"column":null}}]},"2":{"loc":{"start":{"line":82,"column":2},"end":{"line":84,"column":null}},"type":"if","locations":[{"start":{"line":82,"column":2},"end":{"line":84,"column":null}},{"start":{"line":82,"column":2},"end":{"line":84,"column":null}}]},"3":{"loc":{"start":{"line":82,"column":6},"end":{"line":82,"column":24}},"type":"binary-expr","locations":[{"start":{"line":82,"column":6},"end":{"line":82,"column":24}},{"start":{"line":82,"column":28},"end":{"line":82,"column":45}}]},"4":{"loc":{"start":{"line":88,"column":2},"end":{"line":90,"column":null}},"type":"if","locations":[{"start":{"line":88,"column":2},"end":{"line":90,"column":null}},{"start":{"line":88,"column":2},"end":{"line":90,"column":null}}]},"5":{"loc":{"start":{"line":88,"column":6},"end":{"line":88,"column":26}},"type":"binary-expr","locations":[{"start":{"line":88,"column":6},"end":{"line":88,"column":26}},{"start":{"line":88,"column":30},"end":{"line":88,"column":49}}]},"6":{"loc":{"start":{"line":95,"column":2},"end":{"line":115,"column":null}},"type":"if","locations":[{"start":{"line":95,"column":2},"end":{"line":115,"column":null}},{"start":{"line":95,"column":2},"end":{"line":115,"column":null}}]},"7":{"loc":{"start":{"line":95,"column":6},"end":{"line":95,"column":41}},"type":"binary-expr","locations":[{"start":{"line":95,"column":6},"end":{"line":95,"column":41}},{"start":{"line":95,"column":45},"end":{"line":95,"column":82}}]},"8":{"loc":{"start":{"line":98,"column":7},"end":{"line":98,"column":57}},"type":"cond-expr","locations":[{"start":{"line":98,"column":7},"end":{"line":98,"column":57}},{"start":{"line":99,"column":7},"end":{"line":99,"column":59}}]},"9":{"loc":{"start":{"line":97,"column":4},"end":{"line":97,"column":39}},"type":"binary-expr","locations":[{"start":{"line":97,"column":4},"end":{"line":97,"column":39}},{"start":{"line":97,"column":43},"end":{"line":97,"column":77}}]},"10":{"loc":{"start":{"line":105,"column":7},"end":{"line":105,"column":49}},"type":"cond-expr","locations":[{"start":{"line":105,"column":7},"end":{"line":105,"column":49}},{"start":{"line":106,"column":7},"end":{"line":106,"column":53}}]},"11":{"loc":{"start":{"line":109,"column":5},"end":{"line":111,"column":null}},"type":"if","locations":[{"start":{"line":109,"column":5},"end":{"line":111,"column":null}},{"start":{"line":109,"column":5},"end":{"line":111,"column":null}}]},"12":{"loc":{"start":{"line":116,"column":2},"end":{"line":129,"column":null}},"type":"if","locations":[{"start":{"line":116,"column":2},"end":{"line":129,"column":null}},{"start":{"line":116,"column":2},"end":{"line":129,"column":null}}]},"13":{"loc":{"start":{"line":123,"column":5},"end":{"line":125,"column":null}},"type":"if","locations":[{"start":{"line":123,"column":5},"end":{"line":125,"column":null}},{"start":{"line":123,"column":5},"end":{"line":125,"column":null}}]},"14":{"loc":{"start":{"line":135,"column":2},"end":{"line":139,"column":null}},"type":"if","locations":[{"start":{"line":135,"column":2},"end":{"line":139,"column":null}},{"start":{"line":135,"column":2},"end":{"line":139,"column":null}}]},"15":{"loc":{"start":{"line":144,"column":2},"end":{"line":161,"column":null}},"type":"if","locations":[{"start":{"line":144,"column":2},"end":{"line":161,"column":null}},{"start":{"line":144,"column":2},"end":{"line":161,"column":null}}]},"16":{"loc":{"start":{"line":175,"column":2},"end":{"line":179,"column":null}},"type":"if","locations":[{"start":{"line":175,"column":2},"end":{"line":179,"column":null}},{"start":{"line":175,"column":2},"end":{"line":179,"column":null}}]},"17":{"loc":{"start":{"line":177,"column":14},"end":{"line":177,"column":39}},"type":"binary-expr","locations":[{"start":{"line":177,"column":14},"end":{"line":177,"column":39}},{"start":{"line":177,"column":43},"end":{"line":177,"column":72}}]},"18":{"loc":{"start":{"line":184,"column":44},"end":{"line":184,"column":63}},"type":"binary-expr","locations":[{"start":{"line":184,"column":44},"end":{"line":184,"column":63}},{"start":{"line":184,"column":67},"end":{"line":184,"column":102}}]},"19":{"loc":{"start":{"line":185,"column":2},"end":{"line":189,"column":null}},"type":"if","locations":[{"start":{"line":185,"column":2},"end":{"line":189,"column":null}},{"start":{"line":185,"column":2},"end":{"line":189,"column":null}}]},"20":{"loc":{"start":{"line":194,"column":2},"end":{"line":251,"column":null}},"type":"if","locations":[{"start":{"line":194,"column":2},"end":{"line":251,"column":null}},{"start":{"line":194,"column":2},"end":{"line":251,"column":null}}]},"21":{"loc":{"start":{"line":206,"column":5},"end":{"line":238,"column":null}},"type":"if","locations":[{"start":{"line":206,"column":5},"end":{"line":238,"column":null}},{"start":{"line":206,"column":5},"end":{"line":238,"column":null}}]},"22":{"loc":{"start":{"line":210,"column":7},"end":{"line":213,"column":null}},"type":"if","locations":[{"start":{"line":210,"column":7},"end":{"line":213,"column":null}},{"start":{"line":210,"column":7},"end":{"line":213,"column":null}}]},"23":{"loc":{"start":{"line":216,"column":6},"end":{"line":234,"column":null}},"type":"if","locations":[{"start":{"line":216,"column":6},"end":{"line":234,"column":null}},{"start":{"line":216,"column":6},"end":{"line":234,"column":null}}]}},"s":{"0":2,"1":2,"2":2,"3":2,"4":2,"5":2,"6":2,"7":2,"8":2,"9":14,"10":14,"11":14,"12":14,"13":14,"14":14,"15":14,"16":14,"17":14,"18":14,"19":14,"20":14,"21":14,"22":14,"23":14,"24":14,"25":14,"26":2,"27":14,"28":14,"29":14,"30":14,"31":2,"32":1,"33":1,"34":1,"35":1,"36":1,"37":1,"38":1,"39":1,"40":1,"41":1,"42":2,"43":1,"44":1,"45":1,"46":1,"47":1,"48":1,"49":1,"50":1,"51":1,"52":1,"53":2,"54":1,"55":1,"56":2,"57":1,"58":1,"59":2,"60":4,"61":4,"62":4,"63":2,"64":2,"65":2,"66":2,"67":2,"68":2,"69":2,"70":4,"71":2,"72":2,"73":2,"74":2,"75":2,"76":3,"77":3,"78":3,"79":2,"80":1,"81":2,"82":4,"83":4,"84":3,"85":3,"86":3,"87":1,"88":1,"89":2,"90":1,"91":1,"92":1,"93":1,"94":1,"95":1,"96":1,"97":2,"98":1,"99":1,"100":3,"101":2,"102":5,"103":5,"104":23,"105":5,"106":2,"107":3,"108":5,"109":2,"110":3,"111":3,"112":2,"113":2,"114":8,"115":8,"116":2,"117":2,"118":2,"119":2,"120":2,"121":2,"122":8,"123":1,"124":1,"125":8,"126":2,"127":1,"128":1,"129":1,"130":1,"131":2,"132":1,"133":1,"134":2,"135":2,"136":2},"f":{"0":2,"1":14,"2":14,"3":14,"4":1,"5":1,"6":0,"7":1,"8":1,"9":0,"10":1,"11":1,"12":4,"13":2,"14":0,"15":2,"16":0,"17":3,"18":4,"19":3,"20":1,"21":1,"22":3,"23":5,"24":23,"25":3,"26":8,"27":2,"28":8,"29":0},"b":{"0":[1,0],"1":[1,0],"2":[1,0],"3":[1,1],"4":[1,0],"5":[1,1],"6":[2,2],"7":[4,3],"8":[1,1],"9":[2,1],"10":[1,1],"11":[2,0],"12":[2,2],"13":[2,0],"14":[2,1],"15":[3,1],"16":[1,0],"17":[3,2],"18":[23,5],"19":[2,3],"20":[2,1],"21":[2,0],"22":[1,7],"23":[1,1]}}
,"C:\\Users\\neethu.kp\\GitRepo-workspace\\accsm-sg-ui\\src\\main\\webapp\\src\\app\\footer\\footer.component.html": {"data":{"path":"C:\\Users\\neethu.kp\\GitRepo-workspace\\accsm-sg-ui\\src\\main\\webapp\\src\\app\\footer\\footer.component.html","statementMap":{"0":{"start":{"line":1,"column":0},"end":{"line":1,"column":968}}},"fnMap":{},"branchMap":{},"s":{"0":2},"f":{},"b":{},"_coverageSchema":"43e27e138ebf9cfc5966b082cf9a028302ed4184","hash":"508f786c72de3f48d3ea3af7d30178e920a2634a"}}
,"C:\\Users\\neethu.kp\\GitRepo-workspace\\accsm-sg-ui\\src\\main\\webapp\\src\\app\\footer\\footer.component.ts": {"path":"C:\\Users\\neethu.kp\\GitRepo-workspace\\accsm-sg-ui\\src\\main\\webapp\\src\\app\\footer\\footer.component.ts","statementMap":{"0":{"start":{"line":1,"column":0},"end":{"line":1,"column":50}},"1":{"start":{"line":2,"column":0},"end":{"line":2,"column":60}},"2":{"start":{"line":9,"column":0},"end":{"line":9,"column":13}},"3":{"start":{"line":11,"column":21},"end":{"line":11,"column":33}},"4":{"start":{"line":13,"column":1},"end":{"line":18,"column":null}},"5":{"start":{"line":13,"column":1},"end":{"line":13,"column":9}},"6":{"start":{"line":14,"column":2},"end":{"line":17,"column":5}},"7":{"start":{"line":15,"column":3},"end":{"line":15,"column":23}},"8":{"start":{"line":16,"column":3},"end":{"line":16,"column":21}},"9":{"start":{"line":9,"column":13},"end":{"line":19,"column":null}},"10":{"start":{"line":19,"column":0},"end":{"line":19,"column":null}},"11":{"start":{"line":9,"column":13},"end":{"line":9,"column":28}}},"fnMap":{"0":{"name":"(anonymous_2)","decl":{"start":{"line":9,"column":0},"end":{"line":9,"column":13}},"loc":{"start":{"line":9,"column":0},"end":{"line":9,"column":13}}},"1":{"name":"FooterComponent","decl":{"start":{"line":11,"column":1},"end":{"line":11,"column":21}},"loc":{"start":{"line":11,"column":43},"end":{"line":11,"column":47}}},"2":{"name":"(anonymous_4)","decl":{"start":{"line":13,"column":1},"end":{"line":13,"column":9}},"loc":{"start":{"line":13,"column":1},"end":{"line":18,"column":2}}},"3":{"name":"(anonymous_5)","decl":{"start":{"line":14,"column":38},"end":{"line":14,"column":39}},"loc":{"start":{"line":14,"column":43},"end":{"line":17,"column":3}}}},"branchMap":{},"s":{"0":2,"1":2,"2":2,"3":7,"4":2,"5":5,"6":5,"7":0,"8":0,"9":2,"10":2,"11":2},"f":{"0":2,"1":7,"2":5,"3":0},"b":{}}
,"C:\\Users\\neethu.kp\\GitRepo-workspace\\accsm-sg-ui\\src\\main\\webapp\\src\\app\\header\\header.component.html": {"data":{"path":"C:\\Users\\neethu.kp\\GitRepo-workspace\\accsm-sg-ui\\src\\main\\webapp\\src\\app\\header\\header.component.html","statementMap":{"0":{"start":{"line":1,"column":0},"end":{"line":1,"column":3833}}},"fnMap":{},"branchMap":{},"s":{"0":2},"f":{},"b":{},"_coverageSchema":"43e27e138ebf9cfc5966b082cf9a028302ed4184","hash":"84e1aced32ffa0c34fea3e38b7f48bde4e10228e"}}
,"C:\\Users\\neethu.kp\\GitRepo-workspace\\accsm-sg-ui\\src\\main\\webapp\\src\\app\\header\\header.component.ts": {"path":"C:\\Users\\neethu.kp\\GitRepo-workspace\\accsm-sg-ui\\src\\main\\webapp\\src\\app\\header\\header.component.ts","statementMap":{"0":{"start":{"line":1,"column":0},"end":{"line":1,"column":50}},"1":{"start":{"line":4,"column":0},"end":{"line":4,"column":71}},"2":{"start":{"line":5,"column":0},"end":{"line":5,"column":79}},"3":{"start":{"line":12,"column":0},"end":{"line":12,"column":13}},"4":{"start":{"line":22,"column":21},"end":{"line":22,"column":34}},"5":{"start":{"line":22,"column":59},"end":{"line":22,"column":80}},"6":{"start":{"line":13,"column":1},"end":{"line":13,"column":20}},"7":{"start":{"line":14,"column":1},"end":{"line":14,"column":29}},"8":{"start":{"line":16,"column":1},"end":{"line":16,"column":35}},"9":{"start":{"line":17,"column":1},"end":{"line":17,"column":25}},"10":{"start":{"line":18,"column":1},"end":{"line":18,"column":30}},"11":{"start":{"line":19,"column":1},"end":{"line":19,"column":30}},"12":{"start":{"line":20,"column":1},"end":{"line":20,"column":26}},"13":{"start":{"line":24,"column":1},"end":{"line":30,"column":null}},"14":{"start":{"line":25,"column":2},"end":{"line":25,"column":49}},"15":{"start":{"line":26,"column":2},"end":{"line":26,"column":49}},"16":{"start":{"line":27,"column":2},"end":{"line":27,"column":86}},"17":{"start":{"line":29,"column":2},"end":{"line":29,"column":25}},"18":{"start":{"line":32,"column":1},"end":{"line":38,"column":null}},"19":{"start":{"line":34,"column":2},"end":{"line":36,"column":null}},"20":{"start":{"line":35,"column":3},"end":{"line":35,"column":50}},"21":{"start":{"line":37,"column":2},"end":{"line":37,"column":49}},"22":{"start":{"line":40,"column":1},"end":{"line":45,"column":null}},"23":{"start":{"line":40,"column":1},"end":{"line":40,"column":16}},"24":{"start":{"line":41,"column":12},"end":{"line":43,"column":4}},"25":{"start":{"line":42,"column":3},"end":{"line":42,"column":41}},"26":{"start":{"line":44,"column":2},"end":{"line":44,"column":28}},"27":{"start":{"line":12,"column":13},"end":{"line":46,"column":null}},"28":{"start":{"line":46,"column":0},"end":{"line":46,"column":null}},"29":{"start":{"line":12,"column":13},"end":{"line":12,"column":28}}},"fnMap":{"0":{"name":"(anonymous_2)","decl":{"start":{"line":12,"column":0},"end":{"line":12,"column":13}},"loc":{"start":{"line":12,"column":0},"end":{"line":12,"column":13}}},"1":{"name":"HeaderComponent","decl":{"start":{"line":22,"column":1},"end":{"line":22,"column":21}},"loc":{"start":{"line":22,"column":99},"end":{"line":22,"column":103}}},"2":{"name":"(anonymous_4)","decl":{"start":{"line":24,"column":1},"end":{"line":24,"column":9}},"loc":{"start":{"line":24,"column":1},"end":{"line":30,"column":2}}},"3":{"name":"(anonymous_5)","decl":{"start":{"line":32,"column":1},"end":{"line":32,"column":15}},"loc":{"start":{"line":32,"column":28},"end":{"line":38,"column":2}}},"4":{"name":"(anonymous_6)","decl":{"start":{"line":40,"column":1},"end":{"line":40,"column":16}},"loc":{"start":{"line":40,"column":1},"end":{"line":45,"column":2}}},"5":{"name":"(anonymous_7)","decl":{"start":{"line":41,"column":60},"end":{"line":41,"column":61}},"loc":{"start":{"line":41,"column":78},"end":{"line":43,"column":3}}}},"branchMap":{"0":{"loc":{"start":{"line":34,"column":2},"end":{"line":36,"column":null}},"type":"if","locations":[{"start":{"line":34,"column":2},"end":{"line":36,"column":null}},{"start":{"line":34,"column":2},"end":{"line":36,"column":null}}]}},"s":{"0":2,"1":2,"2":2,"3":2,"4":10,"5":10,"6":10,"7":10,"8":10,"9":10,"10":10,"11":10,"12":10,"13":2,"14":8,"15":8,"16":8,"17":8,"18":2,"19":1,"20":1,"21":1,"22":2,"23":8,"24":8,"25":2,"26":8,"27":2,"28":2,"29":2},"f":{"0":2,"1":10,"2":8,"3":1,"4":8,"5":2},"b":{"0":[1,0]}}
,"C:\\Users\\neethu.kp\\GitRepo-workspace\\accsm-sg-ui\\src\\main\\webapp\\src\\app\\shared\\components\\error-template\\error-template.component.html": {"data":{"path":"C:\\Users\\neethu.kp\\GitRepo-workspace\\accsm-sg-ui\\src\\main\\webapp\\src\\app\\shared\\components\\error-template\\error-template.component.html","statementMap":{"0":{"start":{"line":1,"column":0},"end":{"line":1,"column":2635}}},"fnMap":{},"branchMap":{},"s":{"0":2},"f":{},"b":{},"_coverageSchema":"43e27e138ebf9cfc5966b082cf9a028302ed4184","hash":"9ff176cd67aadff08eeb3cd88fbcf22afcba2a0c"}}
,"C:\\Users\\neethu.kp\\GitRepo-workspace\\accsm-sg-ui\\src\\main\\webapp\\src\\app\\shared\\components\\error-template\\error-template.component.ts": {"path":"C:\\Users\\neethu.kp\\GitRepo-workspace\\accsm-sg-ui\\src\\main\\webapp\\src\\app\\shared\\components\\error-template\\error-template.component.ts","statementMap":{"0":{"start":{"line":6,"column":0},"end":{"line":6,"column":null}},"1":{"start":{"line":16,"column":0},"end":{"line":16,"column":47}},"2":{"start":{"line":19,"column":0},"end":{"line":19,"column":75}},"3":{"start":{"line":20,"column":0},"end":{"line":20,"column":61}},"4":{"start":{"line":28,"column":0},"end":{"line":28,"column":13}},"5":{"start":{"line":51,"column":33},"end":{"line":51,"column":54}},"6":{"start":{"line":29,"column":2},"end":{"line":29,"column":18}},"7":{"start":{"line":31,"column":2},"end":{"line":31,"column":16}},"8":{"start":{"line":39,"column":11},"end":{"line":39,"column":32}},"9":{"start":{"line":43,"column":12},"end":{"line":45,"column":6}},"10":{"start":{"line":53,"column":2},"end":{"line":87,"column":null}},"11":{"start":{"line":53,"column":2},"end":{"line":53,"column":10}},"12":{"start":{"line":54,"column":4},"end":{"line":59,"column":null}},"13":{"start":{"line":55,"column":6},"end":{"line":55,"column":26}},"14":{"start":{"line":56,"column":6},"end":{"line":58,"column":37}},"15":{"start":{"line":60,"column":4},"end":{"line":86,"column":null}},"16":{"start":{"line":61,"column":6},"end":{"line":73,"column":8}},"17":{"start":{"line":63,"column":10},"end":{"line":71,"column":null}},"18":{"start":{"line":64,"column":12},"end":{"line":66,"column":null}},"19":{"start":{"line":65,"column":14},"end":{"line":65,"column":36}},"20":{"start":{"line":67,"column":12},"end":{"line":67,"column":66}},"21":{"start":{"line":68,"column":12},"end":{"line":70,"column":43}},"22":{"start":{"line":75,"column":6},"end":{"line":85,"column":8}},"23":{"start":{"line":77,"column":10},"end":{"line":83,"column":null}},"24":{"start":{"line":78,"column":12},"end":{"line":80,"column":null}},"25":{"start":{"line":79,"column":14},"end":{"line":79,"column":32}},"26":{"start":{"line":82,"column":12},"end":{"line":82,"column":30}},"27":{"start":{"line":89,"column":2},"end":{"line":91,"column":null}},"28":{"start":{"line":90,"column":4},"end":{"line":90,"column":50}},"29":{"start":{"line":93,"column":2},"end":{"line":95,"column":null}},"30":{"start":{"line":94,"column":4},"end":{"line":94,"column":31}},"31":{"start":{"line":97,"column":2},"end":{"line":102,"column":null}},"32":{"start":{"line":98,"column":4},"end":{"line":98,"column":20}},"33":{"start":{"line":99,"column":4},"end":{"line":99,"column":38}},"34":{"start":{"line":101,"column":4},"end":{"line":101,"column":27}},"35":{"start":{"line":104,"column":2},"end":{"line":132,"column":null}},"36":{"start":{"line":105,"column":23},"end":{"line":105,"column":27}},"37":{"start":{"line":106,"column":4},"end":{"line":129,"column":null}},"38":{"start":{"line":107,"column":18},"end":{"line":107,"column":28}},"39":{"start":{"line":108,"column":6},"end":{"line":128,"column":null}},"40":{"start":{"line":110,"column":10},"end":{"line":110,"column":28}},"41":{"start":{"line":111,"column":10},"end":{"line":111,"column":16}},"42":{"start":{"line":114,"column":10},"end":{"line":114,"column":34}},"43":{"start":{"line":115,"column":10},"end":{"line":115,"column":16}},"44":{"start":{"line":118,"column":10},"end":{"line":118,"column":28}},"45":{"start":{"line":119,"column":10},"end":{"line":119,"column":16}},"46":{"start":{"line":122,"column":10},"end":{"line":122,"column":43}},"47":{"start":{"line":123,"column":10},"end":{"line":123,"column":16}},"48":{"start":{"line":126,"column":10},"end":{"line":126,"column":34}},"49":{"start":{"line":127,"column":10},"end":{"line":127,"column":16}},"50":{"start":{"line":131,"column":4},"end":{"line":131,"column":16}},"51":{"start":{"line":134,"column":2},"end":{"line":146,"column":null}},"52":{"start":{"line":135,"column":4},"end":{"line":137,"column":null}},"53":{"start":{"line":136,"column":6},"end":{"line":136,"column":45}},"54":{"start":{"line":139,"column":4},"end":{"line":141,"column":null}},"55":{"start":{"line":140,"column":6},"end":{"line":140,"column":43}},"56":{"start":{"line":143,"column":4},"end":{"line":145,"column":null}},"57":{"start":{"line":144,"column":6},"end":{"line":144,"column":50}},"58":{"start":{"line":33,"column":11},"end":{"line":33,"column":null}},"59":{"start":{"line":35,"column":11},"end":{"line":35,"column":null}},"60":{"start":{"line":37,"column":11},"end":{"line":37,"column":null}},"61":{"start":{"line":39,"column":11},"end":{"line":39,"column":null}},"62":{"start":{"line":41,"column":11},"end":{"line":41,"column":null}},"63":{"start":{"line":43,"column":12},"end":{"line":45,"column":null}},"64":{"start":{"line":28,"column":13},"end":{"line":147,"column":null}},"65":{"start":{"line":147,"column":0},"end":{"line":147,"column":null}},"66":{"start":{"line":28,"column":13},"end":{"line":28,"column":35}},"67":{"start":{"line":154,"column":0},"end":{"line":154,"column":13}},"68":{"start":{"line":154,"column":13},"end":{"line":154,"column":null}},"69":{"start":{"line":154,"column":34},"end":{"line":154,"column":null}},"70":{"start":{"line":154,"column":13},"end":{"line":154,"column":32}}},"fnMap":{"0":{"name":"(anonymous_4)","decl":{"start":{"line":28,"column":0},"end":{"line":28,"column":13}},"loc":{"start":{"line":28,"column":0},"end":{"line":28,"column":13}}},"1":{"name":"ErrorTemplateComponent","decl":{"start":{"line":51,"column":2},"end":{"line":51,"column":15}},"loc":{"start":{"line":51,"column":73},"end":{"line":51,"column":77}}},"2":{"name":"(anonymous_6)","decl":{"start":{"line":53,"column":2},"end":{"line":53,"column":10}},"loc":{"start":{"line":53,"column":2},"end":{"line":87,"column":3}}},"3":{"name":"(anonymous_7)","decl":{"start":{"line":62,"column":8},"end":{"line":62,"column":9}},"loc":{"start":{"line":62,"column":22},"end":{"line":72,"column":9}}},"4":{"name":"(anonymous_8)","decl":{"start":{"line":76,"column":8},"end":{"line":76,"column":11}},"loc":{"start":{"line":76,"column":11},"end":{"line":84,"column":9}}},"5":{"name":"(anonymous_9)","decl":{"start":{"line":89,"column":2},"end":{"line":89,"column":13}},"loc":{"start":{"line":89,"column":2},"end":{"line":91,"column":3}}},"6":{"name":"(anonymous_10)","decl":{"start":{"line":93,"column":2},"end":{"line":93,"column":18}},"loc":{"start":{"line":93,"column":2},"end":{"line":95,"column":3}}},"7":{"name":"(anonymous_11)","decl":{"start":{"line":97,"column":2},"end":{"line":97,"column":7}},"loc":{"start":{"line":97,"column":13},"end":{"line":102,"column":3}}},"8":{"name":"(anonymous_12)","decl":{"start":{"line":104,"column":2},"end":{"line":104,"column":6}},"loc":{"start":{"line":104,"column":2},"end":{"line":132,"column":3}}},"9":{"name":"(anonymous_13)","decl":{"start":{"line":134,"column":2},"end":{"line":134,"column":13}},"loc":{"start":{"line":134,"column":2},"end":{"line":146,"column":3}}},"10":{"name":"(anonymous_14)","decl":{"start":{"line":154,"column":0},"end":{"line":154,"column":13}},"loc":{"start":{"line":154,"column":0},"end":{"line":154,"column":13}}}},"branchMap":{"0":{"loc":{"start":{"line":54,"column":4},"end":{"line":59,"column":null}},"type":"if","locations":[{"start":{"line":54,"column":4},"end":{"line":59,"column":null}},{"start":{"line":54,"column":4},"end":{"line":59,"column":null}}]},"1":{"loc":{"start":{"line":54,"column":8},"end":{"line":54,"column":18}},"type":"binary-expr","locations":[{"start":{"line":54,"column":8},"end":{"line":54,"column":18}},{"start":{"line":54,"column":22},"end":{"line":54,"column":46}}]},"2":{"loc":{"start":{"line":60,"column":4},"end":{"line":86,"column":null}},"type":"if","locations":[{"start":{"line":60,"column":4},"end":{"line":86,"column":null}},{"start":{"line":60,"column":4},"end":{"line":86,"column":null}}]},"3":{"loc":{"start":{"line":60,"column":8},"end":{"line":60,"column":32}},"type":"binary-expr","locations":[{"start":{"line":60,"column":8},"end":{"line":60,"column":32}},{"start":{"line":60,"column":36},"end":{"line":60,"column":54}}]},"4":{"loc":{"start":{"line":63,"column":10},"end":{"line":71,"column":null}},"type":"if","locations":[{"start":{"line":63,"column":10},"end":{"line":71,"column":null}},{"start":{"line":63,"column":10},"end":{"line":71,"column":null}}]},"5":{"loc":{"start":{"line":64,"column":12},"end":{"line":66,"column":null}},"type":"if","locations":[{"start":{"line":64,"column":12},"end":{"line":66,"column":null}},{"start":{"line":64,"column":12},"end":{"line":66,"column":null}}]},"6":{"loc":{"start":{"line":67,"column":27},"end":{"line":67,"column":37}},"type":"binary-expr","locations":[{"start":{"line":67,"column":27},"end":{"line":67,"column":37}},{"start":{"line":67,"column":41},"end":{"line":67,"column":65}}]},"7":{"loc":{"start":{"line":77,"column":10},"end":{"line":83,"column":null}},"type":"if","locations":[{"start":{"line":77,"column":10},"end":{"line":83,"column":null}},{"start":{"line":77,"column":10},"end":{"line":83,"column":null}}]},"8":{"loc":{"start":{"line":78,"column":12},"end":{"line":80,"column":null}},"type":"if","locations":[{"start":{"line":78,"column":12},"end":{"line":80,"column":null}},{"start":{"line":78,"column":12},"end":{"line":80,"column":null}}]},"9":{"loc":{"start":{"line":90,"column":11},"end":{"line":90,"column":21}},"type":"binary-expr","locations":[{"start":{"line":90,"column":11},"end":{"line":90,"column":21}},{"start":{"line":90,"column":25},"end":{"line":90,"column":49}}]},"10":{"loc":{"start":{"line":106,"column":4},"end":{"line":129,"column":null}},"type":"if","locations":[{"start":{"line":106,"column":4},"end":{"line":129,"column":null}},{"start":{"line":106,"column":4},"end":{"line":129,"column":null}}]},"11":{"loc":{"start":{"line":109,"column":8},"end":{"line":111,"column":16}},"type":"switch","locations":[{"start":{"line":109,"column":8},"end":{"line":111,"column":16}},{"start":{"line":113,"column":8},"end":{"line":115,"column":16}},{"start":{"line":117,"column":8},"end":{"line":119,"column":16}},{"start":{"line":121,"column":8},"end":{"line":123,"column":16}},{"start":{"line":125,"column":8},"end":{"line":127,"column":16}}]},"12":{"loc":{"start":{"line":135,"column":4},"end":{"line":137,"column":null}},"type":"if","locations":[{"start":{"line":135,"column":4},"end":{"line":137,"column":null}},{"start":{"line":135,"column":4},"end":{"line":137,"column":null}}]},"13":{"loc":{"start":{"line":139,"column":4},"end":{"line":141,"column":null}},"type":"if","locations":[{"start":{"line":139,"column":4},"end":{"line":141,"column":null}},{"start":{"line":139,"column":4},"end":{"line":141,"column":null}}]},"14":{"loc":{"start":{"line":143,"column":4},"end":{"line":145,"column":null}},"type":"if","locations":[{"start":{"line":143,"column":4},"end":{"line":145,"column":null}},{"start":{"line":143,"column":4},"end":{"line":145,"column":null}}]}},"s":{"0":2,"1":2,"2":2,"3":2,"4":2,"5":10,"6":10,"7":10,"8":10,"9":10,"10":2,"11":8,"12":8,"13":0,"14":0,"15":8,"16":8,"17":6,"18":6,"19":6,"20":6,"21":6,"22":8,"23":1,"24":0,"25":0,"26":1,"27":2,"28":108,"29":2,"30":0,"31":2,"32":0,"33":0,"34":0,"35":2,"36":12,"37":12,"38":12,"39":12,"40":0,"41":0,"42":4,"43":4,"44":6,"45":6,"46":2,"47":2,"48":0,"49":0,"50":12,"51":2,"52":8,"53":6,"54":8,"55":6,"56":8,"57":0,"58":2,"59":2,"60":2,"61":2,"62":2,"63":2,"64":2,"65":2,"66":2,"67":2,"68":2,"69":2,"70":2},"f":{"0":2,"1":10,"2":8,"3":6,"4":1,"5":108,"6":0,"7":0,"8":12,"9":8,"10":12},"b":{"0":[0,8],"1":[8,0],"2":[8,0],"3":[8,8],"4":[6,0],"5":[6,0],"6":[6,6],"7":[0,1],"8":[0,0],"9":[108,48],"10":[12,0],"11":[0,4,6,2,0],"12":[6,2],"13":[6,2],"14":[0,8]}}
,"C:\\Users\\neethu.kp\\GitRepo-workspace\\accsm-sg-ui\\src\\main\\webapp\\src\\app\\shared\\components\\progress-spinner-dialog\\progress-spinner-dialog.component.ts": {"path":"C:\\Users\\neethu.kp\\GitRepo-workspace\\accsm-sg-ui\\src\\main\\webapp\\src\\app\\shared\\components\\progress-spinner-dialog\\progress-spinner-dialog.component.ts","statementMap":{"0":{"start":{"line":1,"column":0},"end":{"line":1,"column":57}},"1":{"start":{"line":2,"column":0},"end":{"line":2,"column":77}},"2":{"start":{"line":36,"column":0},"end":{"line":36,"column":13}},"3":{"start":{"line":39,"column":21},"end":{"line":39,"column":32}},"4":{"start":{"line":40,"column":2},"end":{"line":40,"column":19}},"5":{"start":{"line":36,"column":13},"end":{"line":43,"column":null}},"6":{"start":{"line":43,"column":0},"end":{"line":43,"column":null}},"7":{"start":{"line":36,"column":13},"end":{"line":36,"column":43}}},"fnMap":{"0":{"name":"(anonymous_4)","decl":{"start":{"line":36,"column":0},"end":{"line":36,"column":13}},"loc":{"start":{"line":36,"column":0},"end":{"line":36,"column":13}}},"1":{"name":"ProgressSpinnerDialogComponent","decl":{"start":{"line":39,"column":1},"end":{"line":39,"column":21}},"loc":{"start":{"line":39,"column":107},"end":{"line":42,"column":2}}}},"branchMap":{},"s":{"0":4,"1":4,"2":4,"3":18,"4":18,"5":4,"6":4,"7":4},"f":{"0":4,"1":18},"b":{}}
,"C:\\Users\\neethu.kp\\GitRepo-workspace\\accsm-sg-ui\\src\\main\\webapp\\src\\app\\shared\\constants\\ediFilterTypes.ts": {"path":"C:\\Users\\neethu.kp\\GitRepo-workspace\\accsm-sg-ui\\src\\main\\webapp\\src\\app\\shared\\constants\\ediFilterTypes.ts","statementMap":{"0":{"start":{"line":5,"column":0},"end":{"line":5,"column":null}},"1":{"start":{"line":6,"column":1},"end":{"line":6,"column":null}},"2":{"start":{"line":7,"column":1},"end":{"line":7,"column":null}},"3":{"start":{"line":8,"column":1},"end":{"line":8,"column":null}}},"fnMap":{"0":{"name":"(anonymous_0)","decl":{"start":{"line":5,"column":0},"end":{"line":5,"column":12}},"loc":{"start":{"line":5,"column":22},"end":{"line":9,"column":1}}}},"branchMap":{"0":{"loc":{"start":{"line":5,"column":12},"end":{"line":5,"column":22}},"type":"binary-expr","locations":[{"start":{"line":5,"column":12},"end":{"line":5,"column":22}},{"start":{"line":5,"column":12},"end":{"line":5,"column":null}}]}},"s":{"0":2,"1":2,"2":2,"3":2},"f":{"0":2},"b":{"0":[2,2]}}
,"C:\\Users\\neethu.kp\\GitRepo-workspace\\accsm-sg-ui\\src\\main\\webapp\\src\\app\\shared\\errors\\application-error.ts": {"path":"C:\\Users\\neethu.kp\\GitRepo-workspace\\accsm-sg-ui\\src\\main\\webapp\\src\\app\\shared\\errors\\application-error.ts","statementMap":{"0":{"start":{"line":1,"column":0},"end":{"line":1,"column":null}},"1":{"start":{"line":1,"column":38},"end":{"line":1,"column":43}},"2":{"start":{"line":10,"column":2},"end":{"line":10,"column":null}},"3":{"start":{"line":2,"column":1},"end":{"line":2,"column":25}},"4":{"start":{"line":5,"column":1},"end":{"line":5,"column":26}},"5":{"start":{"line":6,"column":1},"end":{"line":6,"column":21}},"6":{"start":{"line":7,"column":1},"end":{"line":7,"column":26}},"7":{"start":{"line":11,"column":2},"end":{"line":11,"column":36}},"8":{"start":{"line":12,"column":2},"end":{"line":12,"column":58}},"9":{"start":{"line":14,"column":0},"end":{"line":14,"column":null}},"10":{"start":{"line":1,"column":13},"end":{"line":1,"column":29}}},"fnMap":{"0":{"name":"(anonymous_6)","decl":{"start":{"line":1,"column":0},"end":{"line":1,"column":13}},"loc":{"start":{"line":1,"column":0},"end":{"line":14,"column":null}}},"1":{"name":"ApplicationError","decl":{"start":{"line":9,"column":1},"end":{"line":9,"column":13}},"loc":{"start":{"line":9,"column":29},"end":{"line":13,"column":2}}}},"branchMap":{"0":{"loc":{"start":{"line":10,"column":2},"end":{"line":10,"column":16}},"type":"binary-expr","locations":[{"start":{"line":10,"column":2},"end":{"line":10,"column":16}},{"start":{"line":10,"column":16},"end":{"line":10,"column":null}}]}},"s":{"0":4,"1":4,"2":2,"3":2,"4":2,"5":2,"6":2,"7":2,"8":2,"9":4,"10":4},"f":{"0":4,"1":2},"b":{"0":[2,0]}}
,"C:\\Users\\neethu.kp\\GitRepo-workspace\\accsm-sg-ui\\src\\main\\webapp\\src\\app\\shared\\errors\\bad-gateway-error.ts": {"path":"C:\\Users\\neethu.kp\\GitRepo-workspace\\accsm-sg-ui\\src\\main\\webapp\\src\\app\\shared\\errors\\bad-gateway-error.ts","statementMap":{"0":{"start":{"line":1,"column":0},"end":{"line":1,"column":null}},"1":{"start":{"line":1,"column":37},"end":{"line":1,"column":42}},"2":{"start":{"line":10,"column":4},"end":{"line":10,"column":null}},"3":{"start":{"line":2,"column":2},"end":{"line":2,"column":28}},"4":{"start":{"line":5,"column":2},"end":{"line":5,"column":27}},"5":{"start":{"line":6,"column":2},"end":{"line":6,"column":21}},"6":{"start":{"line":7,"column":2},"end":{"line":7,"column":26}},"7":{"start":{"line":11,"column":4},"end":{"line":11,"column":37}},"8":{"start":{"line":12,"column":4},"end":{"line":12,"column":54}},"9":{"start":{"line":13,"column":4},"end":{"line":13,"column":59}},"10":{"start":{"line":15,"column":0},"end":{"line":15,"column":null}},"11":{"start":{"line":1,"column":13},"end":{"line":1,"column":28}}},"fnMap":{"0":{"name":"(anonymous_6)","decl":{"start":{"line":1,"column":0},"end":{"line":1,"column":13}},"loc":{"start":{"line":1,"column":0},"end":{"line":15,"column":null}}},"1":{"name":"BadGatewayError","decl":{"start":{"line":9,"column":2},"end":{"line":9,"column":14}},"loc":{"start":{"line":9,"column":30},"end":{"line":14,"column":3}}}},"branchMap":{"0":{"loc":{"start":{"line":10,"column":4},"end":{"line":10,"column":18}},"type":"binary-expr","locations":[{"start":{"line":10,"column":4},"end":{"line":10,"column":18}},{"start":{"line":10,"column":18},"end":{"line":10,"column":null}}]}},"s":{"0":3,"1":3,"2":1,"3":1,"4":1,"5":1,"6":1,"7":1,"8":1,"9":1,"10":3,"11":3},"f":{"0":3,"1":1},"b":{"0":[1,0]}}
,"C:\\Users\\neethu.kp\\GitRepo-workspace\\accsm-sg-ui\\src\\main\\webapp\\src\\app\\shared\\errors\\bad-req-error.ts": {"path":"C:\\Users\\neethu.kp\\GitRepo-workspace\\accsm-sg-ui\\src\\main\\webapp\\src\\app\\shared\\errors\\bad-req-error.ts","statementMap":{"0":{"start":{"line":1,"column":0},"end":{"line":1,"column":null}},"1":{"start":{"line":1,"column":37},"end":{"line":1,"column":42}},"2":{"start":{"line":10,"column":4},"end":{"line":10,"column":null}},"3":{"start":{"line":2,"column":2},"end":{"line":2,"column":28}},"4":{"start":{"line":5,"column":2},"end":{"line":5,"column":27}},"5":{"start":{"line":6,"column":2},"end":{"line":6,"column":21}},"6":{"start":{"line":7,"column":2},"end":{"line":7,"column":26}},"7":{"start":{"line":11,"column":4},"end":{"line":11,"column":37}},"8":{"start":{"line":12,"column":4},"end":{"line":12,"column":54}},"9":{"start":{"line":13,"column":4},"end":{"line":13,"column":59}},"10":{"start":{"line":15,"column":0},"end":{"line":15,"column":null}},"11":{"start":{"line":1,"column":13},"end":{"line":1,"column":28}}},"fnMap":{"0":{"name":"(anonymous_6)","decl":{"start":{"line":1,"column":0},"end":{"line":1,"column":13}},"loc":{"start":{"line":1,"column":0},"end":{"line":15,"column":null}}},"1":{"name":"BadRequestError","decl":{"start":{"line":9,"column":2},"end":{"line":9,"column":14}},"loc":{"start":{"line":9,"column":30},"end":{"line":14,"column":3}}}},"branchMap":{"0":{"loc":{"start":{"line":10,"column":4},"end":{"line":10,"column":18}},"type":"binary-expr","locations":[{"start":{"line":10,"column":4},"end":{"line":10,"column":18}},{"start":{"line":10,"column":18},"end":{"line":10,"column":null}}]}},"s":{"0":3,"1":3,"2":1,"3":1,"4":1,"5":1,"6":1,"7":1,"8":1,"9":1,"10":3,"11":3},"f":{"0":3,"1":1},"b":{"0":[1,0]}}
,"C:\\Users\\neethu.kp\\GitRepo-workspace\\accsm-sg-ui\\src\\main\\webapp\\src\\app\\shared\\errors\\internal-server-error.ts": {"path":"C:\\Users\\neethu.kp\\GitRepo-workspace\\accsm-sg-ui\\src\\main\\webapp\\src\\app\\shared\\errors\\internal-server-error.ts","statementMap":{"0":{"start":{"line":1,"column":0},"end":{"line":1,"column":null}},"1":{"start":{"line":1,"column":41},"end":{"line":1,"column":46}},"2":{"start":{"line":10,"column":4},"end":{"line":10,"column":null}},"3":{"start":{"line":2,"column":2},"end":{"line":2,"column":28}},"4":{"start":{"line":5,"column":2},"end":{"line":5,"column":27}},"5":{"start":{"line":6,"column":2},"end":{"line":6,"column":122}},"6":{"start":{"line":7,"column":2},"end":{"line":7,"column":90}},"7":{"start":{"line":11,"column":4},"end":{"line":11,"column":41}},"8":{"start":{"line":12,"column":4},"end":{"line":12,"column":63}},"9":{"start":{"line":14,"column":0},"end":{"line":14,"column":null}},"10":{"start":{"line":1,"column":13},"end":{"line":1,"column":32}}},"fnMap":{"0":{"name":"(anonymous_6)","decl":{"start":{"line":1,"column":0},"end":{"line":1,"column":13}},"loc":{"start":{"line":1,"column":0},"end":{"line":14,"column":null}}},"1":{"name":"InternalServerError","decl":{"start":{"line":9,"column":2},"end":{"line":9,"column":14}},"loc":{"start":{"line":9,"column":30},"end":{"line":13,"column":3}}}},"branchMap":{"0":{"loc":{"start":{"line":10,"column":4},"end":{"line":10,"column":18}},"type":"binary-expr","locations":[{"start":{"line":10,"column":4},"end":{"line":10,"column":18}},{"start":{"line":10,"column":18},"end":{"line":10,"column":null}}]}},"s":{"0":3,"1":3,"2":1,"3":1,"4":1,"5":1,"6":1,"7":1,"8":1,"9":3,"10":3},"f":{"0":3,"1":1},"b":{"0":[1,0]}}
,"C:\\Users\\neethu.kp\\GitRepo-workspace\\accsm-sg-ui\\src\\main\\webapp\\src\\app\\shared\\errors\\not-found-error.ts": {"path":"C:\\Users\\neethu.kp\\GitRepo-workspace\\accsm-sg-ui\\src\\main\\webapp\\src\\app\\shared\\errors\\not-found-error.ts","statementMap":{"0":{"start":{"line":1,"column":0},"end":{"line":1,"column":null}},"1":{"start":{"line":1,"column":35},"end":{"line":1,"column":40}},"2":{"start":{"line":10,"column":4},"end":{"line":10,"column":null}},"3":{"start":{"line":2,"column":2},"end":{"line":2,"column":28}},"4":{"start":{"line":5,"column":2},"end":{"line":5,"column":27}},"5":{"start":{"line":6,"column":2},"end":{"line":6,"column":21}},"6":{"start":{"line":7,"column":2},"end":{"line":7,"column":26}},"7":{"start":{"line":11,"column":4},"end":{"line":11,"column":35}},"8":{"start":{"line":12,"column":4},"end":{"line":12,"column":52}},"9":{"start":{"line":13,"column":4},"end":{"line":13,"column":57}},"10":{"start":{"line":15,"column":0},"end":{"line":15,"column":null}},"11":{"start":{"line":1,"column":13},"end":{"line":1,"column":26}}},"fnMap":{"0":{"name":"(anonymous_6)","decl":{"start":{"line":1,"column":0},"end":{"line":1,"column":13}},"loc":{"start":{"line":1,"column":0},"end":{"line":15,"column":null}}},"1":{"name":"NotFoundError","decl":{"start":{"line":9,"column":2},"end":{"line":9,"column":14}},"loc":{"start":{"line":9,"column":30},"end":{"line":14,"column":3}}}},"branchMap":{"0":{"loc":{"start":{"line":10,"column":4},"end":{"line":10,"column":18}},"type":"binary-expr","locations":[{"start":{"line":10,"column":4},"end":{"line":10,"column":18}},{"start":{"line":10,"column":18},"end":{"line":10,"column":null}}]}},"s":{"0":3,"1":3,"2":9,"3":9,"4":9,"5":9,"6":9,"7":9,"8":9,"9":9,"10":3,"11":3},"f":{"0":3,"1":9},"b":{"0":[9,0]}}
,"C:\\Users\\neethu.kp\\GitRepo-workspace\\accsm-sg-ui\\src\\main\\webapp\\src\\app\\shared\\errors\\unauthorized-error.ts": {"path":"C:\\Users\\neethu.kp\\GitRepo-workspace\\accsm-sg-ui\\src\\main\\webapp\\src\\app\\shared\\errors\\unauthorized-error.ts","statementMap":{"0":{"start":{"line":1,"column":0},"end":{"line":1,"column":null}},"1":{"start":{"line":1,"column":39},"end":{"line":1,"column":44}},"2":{"start":{"line":10,"column":4},"end":{"line":10,"column":null}},"3":{"start":{"line":2,"column":2},"end":{"line":2,"column":28}},"4":{"start":{"line":5,"column":2},"end":{"line":5,"column":27}},"5":{"start":{"line":6,"column":2},"end":{"line":6,"column":21}},"6":{"start":{"line":7,"column":2},"end":{"line":7,"column":26}},"7":{"start":{"line":11,"column":4},"end":{"line":11,"column":39}},"8":{"start":{"line":12,"column":4},"end":{"line":12,"column":55}},"9":{"start":{"line":13,"column":4},"end":{"line":13,"column":61}},"10":{"start":{"line":15,"column":0},"end":{"line":15,"column":null}},"11":{"start":{"line":1,"column":13},"end":{"line":1,"column":30}}},"fnMap":{"0":{"name":"(anonymous_6)","decl":{"start":{"line":1,"column":0},"end":{"line":1,"column":13}},"loc":{"start":{"line":1,"column":0},"end":{"line":15,"column":null}}},"1":{"name":"UnAuthorizedError","decl":{"start":{"line":9,"column":2},"end":{"line":9,"column":14}},"loc":{"start":{"line":9,"column":30},"end":{"line":14,"column":3}}}},"branchMap":{"0":{"loc":{"start":{"line":10,"column":4},"end":{"line":10,"column":18}},"type":"binary-expr","locations":[{"start":{"line":10,"column":4},"end":{"line":10,"column":18}},{"start":{"line":10,"column":18},"end":{"line":10,"column":null}}]}},"s":{"0":3,"1":3,"2":1,"3":1,"4":1,"5":1,"6":1,"7":1,"8":1,"9":1,"10":3,"11":3},"f":{"0":3,"1":1},"b":{"0":[1,0]}}
,"C:\\Users\\neethu.kp\\GitRepo-workspace\\accsm-sg-ui\\src\\main\\webapp\\src\\app\\shared\\errors\\unknown-error.ts": {"path":"C:\\Users\\neethu.kp\\GitRepo-workspace\\accsm-sg-ui\\src\\main\\webapp\\src\\app\\shared\\errors\\unknown-error.ts","statementMap":{"0":{"start":{"line":1,"column":0},"end":{"line":1,"column":null}},"1":{"start":{"line":1,"column":34},"end":{"line":1,"column":39}},"2":{"start":{"line":10,"column":4},"end":{"line":10,"column":null}},"3":{"start":{"line":2,"column":2},"end":{"line":2,"column":26}},"4":{"start":{"line":5,"column":2},"end":{"line":5,"column":27}},"5":{"start":{"line":6,"column":2},"end":{"line":6,"column":21}},"6":{"start":{"line":7,"column":2},"end":{"line":7,"column":26}},"7":{"start":{"line":11,"column":4},"end":{"line":11,"column":34}},"8":{"start":{"line":12,"column":4},"end":{"line":12,"column":50}},"9":{"start":{"line":13,"column":4},"end":{"line":13,"column":56}},"10":{"start":{"line":15,"column":0},"end":{"line":15,"column":null}},"11":{"start":{"line":1,"column":13},"end":{"line":1,"column":25}}},"fnMap":{"0":{"name":"(anonymous_6)","decl":{"start":{"line":1,"column":0},"end":{"line":1,"column":13}},"loc":{"start":{"line":1,"column":0},"end":{"line":15,"column":null}}},"1":{"name":"UnKnownError","decl":{"start":{"line":9,"column":2},"end":{"line":9,"column":14}},"loc":{"start":{"line":9,"column":30},"end":{"line":14,"column":3}}}},"branchMap":{"0":{"loc":{"start":{"line":10,"column":4},"end":{"line":10,"column":18}},"type":"binary-expr","locations":[{"start":{"line":10,"column":4},"end":{"line":10,"column":18}},{"start":{"line":10,"column":18},"end":{"line":10,"column":null}}]}},"s":{"0":3,"1":3,"2":1,"3":1,"4":1,"5":1,"6":1,"7":1,"8":1,"9":1,"10":3,"11":3},"f":{"0":3,"1":1},"b":{"0":[1,0]}}
,"C:\\Users\\neethu.kp\\GitRepo-workspace\\accsm-sg-ui\\src\\main\\webapp\\src\\app\\shared\\globals\\globals.ts": {"path":"C:\\Users\\neethu.kp\\GitRepo-workspace\\accsm-sg-ui\\src\\main\\webapp\\src\\app\\shared\\globals\\globals.ts","statementMap":{"0":{"start":{"line":6,"column":0},"end":{"line":6,"column":53}},"1":{"start":{"line":7,"column":0},"end":{"line":7,"column":121}},"2":{"start":{"line":8,"column":0},"end":{"line":8,"column":null}},"3":{"start":{"line":15,"column":0},"end":{"line":15,"column":13}},"4":{"start":{"line":17,"column":33},"end":{"line":17,"column":41}},"5":{"start":{"line":19,"column":2},"end":{"line":24,"column":null}},"6":{"start":{"line":20,"column":4},"end":{"line":23,"column":7}},"7":{"start":{"line":26,"column":2},"end":{"line":28,"column":null}},"8":{"start":{"line":27,"column":4},"end":{"line":27,"column":27}},"9":{"start":{"line":15,"column":13},"end":{"line":29,"column":null}},"10":{"start":{"line":29,"column":0},"end":{"line":29,"column":null}},"11":{"start":{"line":15,"column":13},"end":{"line":15,"column":20}}},"fnMap":{"0":{"name":"(anonymous_4)","decl":{"start":{"line":15,"column":0},"end":{"line":15,"column":13}},"loc":{"start":{"line":15,"column":0},"end":{"line":15,"column":13}}},"1":{"name":"Globals","decl":{"start":{"line":17,"column":2},"end":{"line":17,"column":15}},"loc":{"start":{"line":17,"column":50},"end":{"line":17,"column":54}}},"2":{"name":"(anonymous_6)","decl":{"start":{"line":19,"column":2},"end":{"line":19,"column":12}},"loc":{"start":{"line":19,"column":2},"end":{"line":24,"column":3}}},"3":{"name":"(anonymous_7)","decl":{"start":{"line":26,"column":2},"end":{"line":26,"column":12}},"loc":{"start":{"line":26,"column":2},"end":{"line":28,"column":3}}}},"branchMap":{},"s":{"0":3,"1":3,"2":3,"3":3,"4":29,"5":3,"6":17,"7":3,"8":17,"9":3,"10":3,"11":3},"f":{"0":3,"1":29,"2":17,"3":17},"b":{}}
,"C:\\Users\\neethu.kp\\GitRepo-workspace\\accsm-sg-ui\\src\\main\\webapp\\src\\app\\shared\\modules\\material.module.ts": {"path":"C:\\Users\\neethu.kp\\GitRepo-workspace\\accsm-sg-ui\\src\\main\\webapp\\src\\app\\shared\\modules\\material.module.ts","statementMap":{"0":{"start":{"line":5,"column":0},"end":{"line":5,"column":41}},"1":{"start":{"line":6,"column":0},"end":{"line":6,"column":null}},"2":{"start":{"line":20,"column":0},"end":{"line":20,"column":59}},"3":{"start":{"line":21,"column":0},"end":{"line":21,"column":59}},"4":{"start":{"line":22,"column":0},"end":{"line":22,"column":55}},"5":{"start":{"line":57,"column":0},"end":{"line":57,"column":13}},"6":{"start":{"line":57,"column":13},"end":{"line":57,"column":null}},"7":{"start":{"line":57,"column":29},"end":{"line":57,"column":null}},"8":{"start":{"line":57,"column":13},"end":{"line":57,"column":27}}},"fnMap":{"0":{"name":"(anonymous_1)","decl":{"start":{"line":57,"column":0},"end":{"line":57,"column":13}},"loc":{"start":{"line":57,"column":0},"end":{"line":57,"column":13}}}},"branchMap":{},"s":{"0":2,"1":2,"2":2,"3":2,"4":2,"5":2,"6":2,"7":2,"8":2},"f":{"0":23},"b":{}}
,"C:\\Users\\neethu.kp\\GitRepo-workspace\\accsm-sg-ui\\src\\main\\webapp\\src\\app\\shared\\modules\\primeng.module.ts": {"path":"C:\\Users\\neethu.kp\\GitRepo-workspace\\accsm-sg-ui\\src\\main\\webapp\\src\\app\\shared\\modules\\primeng.module.ts","statementMap":{"0":{"start":{"line":5,"column":0},"end":{"line":5,"column":46}},"1":{"start":{"line":6,"column":0},"end":{"line":6,"column":48}},"2":{"start":{"line":7,"column":0},"end":{"line":7,"column":56}},"3":{"start":{"line":8,"column":0},"end":{"line":8,"column":50}},"4":{"start":{"line":9,"column":0},"end":{"line":9,"column":48}},"5":{"start":{"line":10,"column":0},"end":{"line":10,"column":48}},"6":{"start":{"line":11,"column":0},"end":{"line":11,"column":46}},"7":{"start":{"line":12,"column":0},"end":{"line":12,"column":44}},"8":{"start":{"line":13,"column":0},"end":{"line":13,"column":50}},"9":{"start":{"line":14,"column":0},"end":{"line":14,"column":48}},"10":{"start":{"line":15,"column":0},"end":{"line":15,"column":56}},"11":{"start":{"line":16,"column":0},"end":{"line":16,"column":52}},"12":{"start":{"line":17,"column":0},"end":{"line":17,"column":44}},"13":{"start":{"line":18,"column":0},"end":{"line":18,"column":52}},"14":{"start":{"line":19,"column":0},"end":{"line":19,"column":48}},"15":{"start":{"line":20,"column":0},"end":{"line":20,"column":48}},"16":{"start":{"line":21,"column":0},"end":{"line":21,"column":44}},"17":{"start":{"line":22,"column":0},"end":{"line":22,"column":50}},"18":{"start":{"line":23,"column":0},"end":{"line":23,"column":48}},"19":{"start":{"line":24,"column":0},"end":{"line":24,"column":41}},"20":{"start":{"line":25,"column":0},"end":{"line":25,"column":56}},"21":{"start":{"line":26,"column":0},"end":{"line":26,"column":60}},"22":{"start":{"line":27,"column":0},"end":{"line":27,"column":50}},"23":{"start":{"line":79,"column":0},"end":{"line":79,"column":13}},"24":{"start":{"line":79,"column":13},"end":{"line":79,"column":null}},"25":{"start":{"line":79,"column":28},"end":{"line":79,"column":null}},"26":{"start":{"line":79,"column":13},"end":{"line":79,"column":26}}},"fnMap":{"0":{"name":"(anonymous_1)","decl":{"start":{"line":79,"column":0},"end":{"line":79,"column":13}},"loc":{"start":{"line":79,"column":0},"end":{"line":79,"column":13}}}},"branchMap":{},"s":{"0":3,"1":3,"2":3,"3":3,"4":3,"5":3,"6":3,"7":3,"8":3,"9":3,"10":3,"11":3,"12":3,"13":3,"14":3,"15":3,"16":3,"17":3,"18":3,"19":3,"20":3,"21":3,"22":3,"23":3,"24":3,"25":3,"26":3},"f":{"0":28},"b":{}}
,"C:\\Users\\neethu.kp\\GitRepo-workspace\\accsm-sg-ui\\src\\main\\webapp\\src\\app\\shared\\routes\\api_url.ts": {"path":"C:\\Users\\neethu.kp\\GitRepo-workspace\\accsm-sg-ui\\src\\main\\webapp\\src\\app\\shared\\routes\\api_url.ts","statementMap":{"0":{"start":{"line":5,"column":13},"end":{"line":10,"column":2}}},"fnMap":{},"branchMap":{},"s":{"0":2},"f":{},"b":{}}
,"C:\\Users\\neethu.kp\\GitRepo-workspace\\accsm-sg-ui\\src\\main\\webapp\\src\\app\\shared\\routes\\application_routes.ts": {"path":"C:\\Users\\neethu.kp\\GitRepo-workspace\\accsm-sg-ui\\src\\main\\webapp\\src\\app\\shared\\routes\\application_routes.ts","statementMap":{"0":{"start":{"line":5,"column":13},"end":{"line":7,"column":2}}},"fnMap":{},"branchMap":{},"s":{"0":1},"f":{},"b":{}}
,"C:\\Users\\neethu.kp\\GitRepo-workspace\\accsm-sg-ui\\src\\main\\webapp\\src\\app\\shared\\services\\app.service.ts": {"path":"C:\\Users\\neethu.kp\\GitRepo-workspace\\accsm-sg-ui\\src\\main\\webapp\\src\\app\\shared\\services\\app.service.ts","statementMap":{"0":{"start":{"line":1,"column":0},"end":{"line":1,"column":50}},"1":{"start":{"line":2,"column":0},"end":{"line":2,"column":43}},"2":{"start":{"line":6,"column":0},"end":{"line":6,"column":13}},"3":{"start":{"line":7,"column":21},"end":{"line":7,"column":27}},"4":{"start":{"line":13,"column":8},"end":{"line":15,"column":null}},"5":{"start":{"line":14,"column":2},"end":{"line":14,"column":56}},"6":{"start":{"line":6,"column":13},"end":{"line":16,"column":null}},"7":{"start":{"line":16,"column":0},"end":{"line":16,"column":null}},"8":{"start":{"line":6,"column":13},"end":{"line":6,"column":23}}},"fnMap":{"0":{"name":"(anonymous_2)","decl":{"start":{"line":6,"column":0},"end":{"line":6,"column":13}},"loc":{"start":{"line":6,"column":0},"end":{"line":6,"column":13}}},"1":{"name":"AppService","decl":{"start":{"line":7,"column":1},"end":{"line":7,"column":21}},"loc":{"start":{"line":7,"column":37},"end":{"line":11,"column":2}}},"2":{"name":"(anonymous_4)","decl":{"start":{"line":13,"column":1},"end":{"line":13,"column":8}},"loc":{"start":{"line":13,"column":1},"end":{"line":15,"column":2}}}},"branchMap":{},"s":{"0":3,"1":3,"2":3,"3":8,"4":3,"5":6,"6":3,"7":3,"8":3},"f":{"0":3,"1":8,"2":6},"b":{}}
,"C:\\Users\\neethu.kp\\GitRepo-workspace\\accsm-sg-ui\\src\\main\\webapp\\src\\app\\shared\\services\\common-api-caller.service.ts": {"path":"C:\\Users\\neethu.kp\\GitRepo-workspace\\accsm-sg-ui\\src\\main\\webapp\\src\\app\\shared\\services\\common-api-caller.service.ts","statementMap":{"0":{"start":{"line":5,"column":0},"end":{"line":5,"column":43}},"1":{"start":{"line":6,"column":0},"end":{"line":6,"column":64}},"2":{"start":{"line":7,"column":0},"end":{"line":7,"column":45}},"3":{"start":{"line":8,"column":0},"end":{"line":8,"column":31}},"4":{"start":{"line":10,"column":0},"end":{"line":10,"column":59}},"5":{"start":{"line":11,"column":0},"end":{"line":11,"column":55}},"6":{"start":{"line":12,"column":0},"end":{"line":12,"column":65}},"7":{"start":{"line":13,"column":0},"end":{"line":13,"column":58}},"8":{"start":{"line":14,"column":0},"end":{"line":14,"column":58}},"9":{"start":{"line":15,"column":0},"end":{"line":15,"column":70}},"10":{"start":{"line":16,"column":0},"end":{"line":16,"column":62}},"11":{"start":{"line":17,"column":0},"end":{"line":17,"column":63}},"12":{"start":{"line":22,"column":0},"end":{"line":22,"column":13}},"13":{"start":{"line":23,"column":21},"end":{"line":23,"column":27}},"14":{"start":{"line":23,"column":47},"end":{"line":23,"column":56}},"15":{"start":{"line":25,"column":1},"end":{"line":59,"column":null}},"16":{"start":{"line":25,"column":1},"end":{"line":25,"column":4}},"17":{"start":{"line":26,"column":18},"end":{"line":26,"column":36}},"18":{"start":{"line":27,"column":2},"end":{"line":27,"column":28}},"19":{"start":{"line":28,"column":2},"end":{"line":57,"column":null}},"20":{"start":{"line":30,"column":3},"end":{"line":42,"column":5}},"21":{"start":{"line":32,"column":5},"end":{"line":35,"column":null}},"22":{"start":{"line":33,"column":6},"end":{"line":33,"column":32}},"23":{"start":{"line":34,"column":6},"end":{"line":34,"column":27}},"24":{"start":{"line":38,"column":5},"end":{"line":38,"column":31}},"25":{"start":{"line":40,"column":5},"end":{"line":40,"column":29}},"26":{"start":{"line":44,"column":3},"end":{"line":56,"column":5}},"27":{"start":{"line":46,"column":5},"end":{"line":49,"column":null}},"28":{"start":{"line":47,"column":6},"end":{"line":47,"column":32}},"29":{"start":{"line":48,"column":6},"end":{"line":48,"column":27}},"30":{"start":{"line":52,"column":5},"end":{"line":52,"column":31}},"31":{"start":{"line":54,"column":5},"end":{"line":54,"column":29}},"32":{"start":{"line":58,"column":2},"end":{"line":58,"column":32}},"33":{"start":{"line":61,"column":1},"end":{"line":95,"column":null}},"34":{"start":{"line":61,"column":1},"end":{"line":61,"column":5}},"35":{"start":{"line":62,"column":18},"end":{"line":62,"column":36}},"36":{"start":{"line":63,"column":2},"end":{"line":63,"column":28}},"37":{"start":{"line":64,"column":2},"end":{"line":92,"column":null}},"38":{"start":{"line":65,"column":3},"end":{"line":77,"column":5}},"39":{"start":{"line":67,"column":5},"end":{"line":70,"column":null}},"40":{"start":{"line":68,"column":6},"end":{"line":68,"column":32}},"41":{"start":{"line":69,"column":6},"end":{"line":69,"column":27}},"42":{"start":{"line":73,"column":5},"end":{"line":73,"column":31}},"43":{"start":{"line":75,"column":5},"end":{"line":75,"column":29}},"44":{"start":{"line":79,"column":3},"end":{"line":91,"column":5}},"45":{"start":{"line":81,"column":5},"end":{"line":84,"column":null}},"46":{"start":{"line":82,"column":6},"end":{"line":82,"column":32}},"47":{"start":{"line":83,"column":6},"end":{"line":83,"column":27}},"48":{"start":{"line":87,"column":5},"end":{"line":87,"column":31}},"49":{"start":{"line":89,"column":5},"end":{"line":89,"column":29}},"50":{"start":{"line":94,"column":2},"end":{"line":94,"column":32}},"51":{"start":{"line":97,"column":1},"end":{"line":130,"column":null}},"52":{"start":{"line":97,"column":1},"end":{"line":97,"column":4}},"53":{"start":{"line":98,"column":18},"end":{"line":98,"column":36}},"54":{"start":{"line":99,"column":2},"end":{"line":99,"column":28}},"55":{"start":{"line":100,"column":2},"end":{"line":128,"column":null}},"56":{"start":{"line":101,"column":3},"end":{"line":113,"column":5}},"57":{"start":{"line":103,"column":5},"end":{"line":106,"column":null}},"58":{"start":{"line":104,"column":6},"end":{"line":104,"column":32}},"59":{"start":{"line":105,"column":6},"end":{"line":105,"column":27}},"60":{"start":{"line":109,"column":5},"end":{"line":109,"column":31}},"61":{"start":{"line":111,"column":5},"end":{"line":111,"column":29}},"62":{"start":{"line":115,"column":3},"end":{"line":127,"column":5}},"63":{"start":{"line":117,"column":5},"end":{"line":120,"column":null}},"64":{"start":{"line":118,"column":6},"end":{"line":118,"column":32}},"65":{"start":{"line":119,"column":6},"end":{"line":119,"column":27}},"66":{"start":{"line":123,"column":5},"end":{"line":123,"column":31}},"67":{"start":{"line":125,"column":5},"end":{"line":125,"column":29}},"68":{"start":{"line":129,"column":2},"end":{"line":129,"column":32}},"69":{"start":{"line":132,"column":1},"end":{"line":165,"column":null}},"70":{"start":{"line":132,"column":1},"end":{"line":132,"column":7}},"71":{"start":{"line":133,"column":18},"end":{"line":133,"column":36}},"72":{"start":{"line":134,"column":2},"end":{"line":134,"column":28}},"73":{"start":{"line":135,"column":2},"end":{"line":163,"column":null}},"74":{"start":{"line":136,"column":3},"end":{"line":148,"column":5}},"75":{"start":{"line":138,"column":5},"end":{"line":141,"column":null}},"76":{"start":{"line":139,"column":6},"end":{"line":139,"column":32}},"77":{"start":{"line":140,"column":6},"end":{"line":140,"column":27}},"78":{"start":{"line":144,"column":5},"end":{"line":144,"column":31}},"79":{"start":{"line":146,"column":5},"end":{"line":146,"column":29}},"80":{"start":{"line":150,"column":3},"end":{"line":162,"column":5}},"81":{"start":{"line":152,"column":5},"end":{"line":155,"column":null}},"82":{"start":{"line":153,"column":6},"end":{"line":153,"column":32}},"83":{"start":{"line":154,"column":6},"end":{"line":154,"column":27}},"84":{"start":{"line":158,"column":5},"end":{"line":158,"column":31}},"85":{"start":{"line":160,"column":5},"end":{"line":160,"column":29}},"86":{"start":{"line":164,"column":2},"end":{"line":164,"column":32}},"87":{"start":{"line":167,"column":1},"end":{"line":185,"column":null}},"88":{"start":{"line":168,"column":2},"end":{"line":168,"column":21}},"89":{"start":{"line":169,"column":2},"end":{"line":184,"column":null}},"90":{"start":{"line":171,"column":4},"end":{"line":171,"column":42}},"91":{"start":{"line":173,"column":4},"end":{"line":173,"column":47}},"92":{"start":{"line":175,"column":4},"end":{"line":175,"column":45}},"93":{"start":{"line":177,"column":4},"end":{"line":177,"column":43}},"94":{"start":{"line":179,"column":4},"end":{"line":179,"column":49}},"95":{"start":{"line":181,"column":4},"end":{"line":181,"column":45}},"96":{"start":{"line":183,"column":4},"end":{"line":183,"column":46}},"97":{"start":{"line":22,"column":13},"end":{"line":186,"column":null}},"98":{"start":{"line":186,"column":0},"end":{"line":186,"column":null}},"99":{"start":{"line":22,"column":13},"end":{"line":22,"column":35}}},"fnMap":{"0":{"name":"(anonymous_2)","decl":{"start":{"line":22,"column":0},"end":{"line":22,"column":13}},"loc":{"start":{"line":22,"column":0},"end":{"line":22,"column":13}}},"1":{"name":"CommonApiCallerService","decl":{"start":{"line":23,"column":1},"end":{"line":23,"column":21}},"loc":{"start":{"line":23,"column":63},"end":{"line":23,"column":67}}},"2":{"name":"(anonymous_4)","decl":{"start":{"line":25,"column":1},"end":{"line":25,"column":4}},"loc":{"start":{"line":25,"column":23},"end":{"line":59,"column":2}}},"3":{"name":"(anonymous_5)","decl":{"start":{"line":31,"column":4},"end":{"line":31,"column":5}},"loc":{"start":{"line":31,"column":11},"end":{"line":36,"column":5}}},"4":{"name":"(anonymous_6)","decl":{"start":{"line":37,"column":4},"end":{"line":37,"column":5}},"loc":{"start":{"line":37,"column":10},"end":{"line":41,"column":5}}},"5":{"name":"(anonymous_7)","decl":{"start":{"line":45,"column":4},"end":{"line":45,"column":5}},"loc":{"start":{"line":45,"column":11},"end":{"line":50,"column":5}}},"6":{"name":"(anonymous_8)","decl":{"start":{"line":51,"column":4},"end":{"line":51,"column":5}},"loc":{"start":{"line":51,"column":10},"end":{"line":55,"column":5}}},"7":{"name":"(anonymous_9)","decl":{"start":{"line":61,"column":1},"end":{"line":61,"column":5}},"loc":{"start":{"line":61,"column":30},"end":{"line":95,"column":2}}},"8":{"name":"(anonymous_10)","decl":{"start":{"line":66,"column":4},"end":{"line":66,"column":5}},"loc":{"start":{"line":66,"column":11},"end":{"line":71,"column":5}}},"9":{"name":"(anonymous_11)","decl":{"start":{"line":72,"column":4},"end":{"line":72,"column":5}},"loc":{"start":{"line":72,"column":10},"end":{"line":76,"column":5}}},"10":{"name":"(anonymous_12)","decl":{"start":{"line":80,"column":4},"end":{"line":80,"column":5}},"loc":{"start":{"line":80,"column":11},"end":{"line":85,"column":5}}},"11":{"name":"(anonymous_13)","decl":{"start":{"line":86,"column":4},"end":{"line":86,"column":5}},"loc":{"start":{"line":86,"column":10},"end":{"line":90,"column":5}}},"12":{"name":"(anonymous_14)","decl":{"start":{"line":97,"column":1},"end":{"line":97,"column":4}},"loc":{"start":{"line":97,"column":29},"end":{"line":130,"column":2}}},"13":{"name":"(anonymous_15)","decl":{"start":{"line":102,"column":4},"end":{"line":102,"column":5}},"loc":{"start":{"line":102,"column":11},"end":{"line":107,"column":5}}},"14":{"name":"(anonymous_16)","decl":{"start":{"line":108,"column":4},"end":{"line":108,"column":5}},"loc":{"start":{"line":108,"column":10},"end":{"line":112,"column":5}}},"15":{"name":"(anonymous_17)","decl":{"start":{"line":116,"column":4},"end":{"line":116,"column":5}},"loc":{"start":{"line":116,"column":11},"end":{"line":121,"column":5}}},"16":{"name":"(anonymous_18)","decl":{"start":{"line":122,"column":4},"end":{"line":122,"column":5}},"loc":{"start":{"line":122,"column":10},"end":{"line":126,"column":5}}},"17":{"name":"(anonymous_19)","decl":{"start":{"line":132,"column":1},"end":{"line":132,"column":7}},"loc":{"start":{"line":132,"column":26},"end":{"line":165,"column":2}}},"18":{"name":"(anonymous_20)","decl":{"start":{"line":137,"column":4},"end":{"line":137,"column":5}},"loc":{"start":{"line":137,"column":11},"end":{"line":142,"column":5}}},"19":{"name":"(anonymous_21)","decl":{"start":{"line":143,"column":4},"end":{"line":143,"column":5}},"loc":{"start":{"line":143,"column":10},"end":{"line":147,"column":5}}},"20":{"name":"(anonymous_22)","decl":{"start":{"line":151,"column":4},"end":{"line":151,"column":5}},"loc":{"start":{"line":151,"column":11},"end":{"line":156,"column":5}}},"21":{"name":"(anonymous_23)","decl":{"start":{"line":157,"column":4},"end":{"line":157,"column":5}},"loc":{"start":{"line":157,"column":10},"end":{"line":161,"column":5}}},"22":{"name":"(anonymous_24)","decl":{"start":{"line":167,"column":1},"end":{"line":167,"column":12}},"loc":{"start":{"line":167,"column":23},"end":{"line":185,"column":2}}}},"branchMap":{"0":{"loc":{"start":{"line":28,"column":2},"end":{"line":57,"column":null}},"type":"if","locations":[{"start":{"line":28,"column":2},"end":{"line":57,"column":null}},{"start":{"line":28,"column":2},"end":{"line":57,"column":null}}]},"1":{"loc":{"start":{"line":32,"column":5},"end":{"line":35,"column":null}},"type":"if","locations":[{"start":{"line":32,"column":5},"end":{"line":35,"column":null}},{"start":{"line":32,"column":5},"end":{"line":35,"column":null}}]},"2":{"loc":{"start":{"line":46,"column":5},"end":{"line":49,"column":null}},"type":"if","locations":[{"start":{"line":46,"column":5},"end":{"line":49,"column":null}},{"start":{"line":46,"column":5},"end":{"line":49,"column":null}}]},"3":{"loc":{"start":{"line":64,"column":2},"end":{"line":92,"column":null}},"type":"if","locations":[{"start":{"line":64,"column":2},"end":{"line":92,"column":null}},{"start":{"line":64,"column":2},"end":{"line":92,"column":null}}]},"4":{"loc":{"start":{"line":67,"column":5},"end":{"line":70,"column":null}},"type":"if","locations":[{"start":{"line":67,"column":5},"end":{"line":70,"column":null}},{"start":{"line":67,"column":5},"end":{"line":70,"column":null}}]},"5":{"loc":{"start":{"line":81,"column":5},"end":{"line":84,"column":null}},"type":"if","locations":[{"start":{"line":81,"column":5},"end":{"line":84,"column":null}},{"start":{"line":81,"column":5},"end":{"line":84,"column":null}}]},"6":{"loc":{"start":{"line":100,"column":2},"end":{"line":128,"column":null}},"type":"if","locations":[{"start":{"line":100,"column":2},"end":{"line":128,"column":null}},{"start":{"line":100,"column":2},"end":{"line":128,"column":null}}]},"7":{"loc":{"start":{"line":103,"column":5},"end":{"line":106,"column":null}},"type":"if","locations":[{"start":{"line":103,"column":5},"end":{"line":106,"column":null}},{"start":{"line":103,"column":5},"end":{"line":106,"column":null}}]},"8":{"loc":{"start":{"line":117,"column":5},"end":{"line":120,"column":null}},"type":"if","locations":[{"start":{"line":117,"column":5},"end":{"line":120,"column":null}},{"start":{"line":117,"column":5},"end":{"line":120,"column":null}}]},"9":{"loc":{"start":{"line":135,"column":2},"end":{"line":163,"column":null}},"type":"if","locations":[{"start":{"line":135,"column":2},"end":{"line":163,"column":null}},{"start":{"line":135,"column":2},"end":{"line":163,"column":null}}]},"10":{"loc":{"start":{"line":138,"column":5},"end":{"line":141,"column":null}},"type":"if","locations":[{"start":{"line":138,"column":5},"end":{"line":141,"column":null}},{"start":{"line":138,"column":5},"end":{"line":141,"column":null}}]},"11":{"loc":{"start":{"line":152,"column":5},"end":{"line":155,"column":null}},"type":"if","locations":[{"start":{"line":152,"column":5},"end":{"line":155,"column":null}},{"start":{"line":152,"column":5},"end":{"line":155,"column":null}}]},"12":{"loc":{"start":{"line":170,"column":3},"end":{"line":171,"column":42}},"type":"switch","locations":[{"start":{"line":170,"column":3},"end":{"line":171,"column":42}},{"start":{"line":172,"column":3},"end":{"line":173,"column":47}},{"start":{"line":174,"column":3},"end":{"line":175,"column":45}},{"start":{"line":176,"column":3},"end":{"line":177,"column":43}},{"start":{"line":178,"column":3},"end":{"line":179,"column":49}},{"start":{"line":180,"column":3},"end":{"line":181,"column":45}},{"start":{"line":182,"column":3},"end":{"line":183,"column":46}}]}},"s":{"0":3,"1":3,"2":3,"3":3,"4":3,"5":3,"6":3,"7":3,"8":3,"9":3,"10":3,"11":3,"12":3,"13":29,"14":29,"15":3,"16":4,"17":4,"18":4,"19":4,"20":3,"21":2,"22":2,"23":2,"24":1,"25":1,"26":1,"27":0,"28":0,"29":0,"30":1,"31":1,"32":4,"33":3,"34":4,"35":4,"36":4,"37":4,"38":2,"39":1,"40":1,"41":1,"42":1,"43":1,"44":2,"45":1,"46":1,"47":1,"48":1,"49":1,"50":4,"51":3,"52":4,"53":4,"54":4,"55":4,"56":2,"57":1,"58":1,"59":1,"60":1,"61":1,"62":2,"63":1,"64":1,"65":1,"66":1,"67":1,"68":4,"69":3,"70":5,"71":5,"72":5,"73":5,"74":4,"75":3,"76":3,"77":3,"78":1,"79":1,"80":1,"81":0,"82":0,"83":0,"84":1,"85":1,"86":5,"87":3,"88":15,"89":15,"90":1,"91":1,"92":1,"93":9,"94":1,"95":1,"96":1,"97":3,"98":3,"99":3},"f":{"0":3,"1":29,"2":4,"3":2,"4":1,"5":0,"6":1,"7":4,"8":1,"9":1,"10":1,"11":1,"12":4,"13":1,"14":1,"15":1,"16":1,"17":5,"18":3,"19":1,"20":0,"21":1,"22":15},"b":{"0":[3,1],"1":[2,0],"2":[0,0],"3":[2,2],"4":[1,0],"5":[1,0],"6":[2,2],"7":[1,0],"8":[1,0],"9":[4,1],"10":[3,0],"11":[0,0],"12":[1,1,1,9,1,1,1]}}
,"C:\\Users\\neethu.kp\\GitRepo-workspace\\accsm-sg-ui\\src\\main\\webapp\\src\\app\\shared\\services\\error-handler-service.ts": {"path":"C:\\Users\\neethu.kp\\GitRepo-workspace\\accsm-sg-ui\\src\\main\\webapp\\src\\app\\shared\\services\\error-handler-service.ts","statementMap":{"0":{"start":{"line":5,"column":0},"end":{"line":5,"column":43}},"1":{"start":{"line":6,"column":0},"end":{"line":6,"column":31}},"2":{"start":{"line":11,"column":0},"end":{"line":11,"column":13}},"3":{"start":{"line":13,"column":1},"end":{"line":13,"column":58}},"4":{"start":{"line":14,"column":1},"end":{"line":14,"column":58}},"5":{"start":{"line":15,"column":1},"end":{"line":15,"column":58}},"6":{"start":{"line":16,"column":1},"end":{"line":16,"column":55}},"7":{"start":{"line":17,"column":1},"end":{"line":23,"column":null}},"8":{"start":{"line":18,"column":2},"end":{"line":22,"column":5}},"9":{"start":{"line":25,"column":1},"end":{"line":33,"column":null}},"10":{"start":{"line":26,"column":2},"end":{"line":32,"column":5}},"11":{"start":{"line":35,"column":1},"end":{"line":44,"column":null}},"12":{"start":{"line":36,"column":2},"end":{"line":43,"column":5}},"13":{"start":{"line":46,"column":1},"end":{"line":52,"column":null}},"14":{"start":{"line":47,"column":2},"end":{"line":51,"column":5}},"15":{"start":{"line":11,"column":13},"end":{"line":53,"column":null}},"16":{"start":{"line":53,"column":0},"end":{"line":53,"column":null}},"17":{"start":{"line":11,"column":13},"end":{"line":11,"column":32}}},"fnMap":{"0":{"name":"(anonymous_2)","decl":{"start":{"line":11,"column":0},"end":{"line":11,"column":13}},"loc":{"start":{"line":11,"column":0},"end":{"line":11,"column":13}}},"1":{"name":"ErrorHandlerService","decl":{"start":{"line":12,"column":1},"end":{"line":12,"column":16}},"loc":{"start":{"line":12,"column":1},"end":{"line":12,"column":17}}},"2":{"name":"(anonymous_4)","decl":{"start":{"line":17,"column":1},"end":{"line":17,"column":17}},"loc":{"start":{"line":17,"column":28},"end":{"line":23,"column":2}}},"3":{"name":"(anonymous_5)","decl":{"start":{"line":25,"column":1},"end":{"line":25,"column":21}},"loc":{"start":{"line":25,"column":32},"end":{"line":33,"column":2}}},"4":{"name":"(anonymous_6)","decl":{"start":{"line":35,"column":1},"end":{"line":35,"column":21}},"loc":{"start":{"line":35,"column":32},"end":{"line":44,"column":2}}},"5":{"name":"(anonymous_7)","decl":{"start":{"line":46,"column":1},"end":{"line":46,"column":18}},"loc":{"start":{"line":46,"column":29},"end":{"line":52,"column":2}}}},"branchMap":{},"s":{"0":4,"1":4,"2":4,"3":27,"4":27,"5":27,"6":27,"7":4,"8":2,"9":4,"10":2,"11":4,"12":2,"13":4,"14":2,"15":4,"16":4,"17":4},"f":{"0":4,"1":27,"2":2,"3":2,"4":2,"5":2},"b":{}}
,"C:\\Users\\neethu.kp\\GitRepo-workspace\\accsm-sg-ui\\src\\main\\webapp\\src\\app\\shared\\services\\error-message.service.ts": {"path":"C:\\Users\\neethu.kp\\GitRepo-workspace\\accsm-sg-ui\\src\\main\\webapp\\src\\app\\shared\\services\\error-message.service.ts","statementMap":{"0":{"start":{"line":5,"column":0},"end":{"line":5,"column":43}},"1":{"start":{"line":6,"column":0},"end":{"line":6,"column":31}},"2":{"start":{"line":10,"column":0},"end":{"line":10,"column":13}},"3":{"start":{"line":11,"column":9},"end":{"line":11,"column":70}},"4":{"start":{"line":12,"column":9},"end":{"line":12,"column":45}},"5":{"start":{"line":14,"column":1},"end":{"line":14,"column":53}},"6":{"start":{"line":15,"column":1},"end":{"line":15,"column":49}},"7":{"start":{"line":17,"column":1},"end":{"line":21,"column":null}},"8":{"start":{"line":18,"column":2},"end":{"line":20,"column":null}},"9":{"start":{"line":19,"column":3},"end":{"line":19,"column":36}},"10":{"start":{"line":23,"column":1},"end":{"line":25,"column":null}},"11":{"start":{"line":24,"column":2},"end":{"line":24,"column":37}},"12":{"start":{"line":10,"column":13},"end":{"line":26,"column":null}},"13":{"start":{"line":26,"column":0},"end":{"line":26,"column":null}},"14":{"start":{"line":10,"column":13},"end":{"line":10,"column":32}}},"fnMap":{"0":{"name":"(anonymous_1)","decl":{"start":{"line":10,"column":0},"end":{"line":10,"column":13}},"loc":{"start":{"line":10,"column":0},"end":{"line":10,"column":13}}},"1":{"name":"ErrorMessageService","decl":{"start":{"line":9,"column":0},"end":{"line":9,"column":1}},"loc":{"start":{"line":9,"column":0},"end":{"line":26,"column":null}}},"2":{"name":"(anonymous_3)","decl":{"start":{"line":17,"column":1},"end":{"line":17,"column":4}},"loc":{"start":{"line":17,"column":26},"end":{"line":21,"column":2}}},"3":{"name":"(anonymous_4)","decl":{"start":{"line":23,"column":1},"end":{"line":23,"column":6}},"loc":{"start":{"line":23,"column":19},"end":{"line":25,"column":2}}}},"branchMap":{"0":{"loc":{"start":{"line":18,"column":2},"end":{"line":20,"column":null}},"type":"if","locations":[{"start":{"line":18,"column":2},"end":{"line":20,"column":null}},{"start":{"line":18,"column":2},"end":{"line":20,"column":null}}]},"1":{"loc":{"start":{"line":24,"column":24},"end":{"line":24,"column":27}},"type":"binary-expr","locations":[{"start":{"line":24,"column":24},"end":{"line":24,"column":27}},{"start":{"line":24,"column":31},"end":{"line":24,"column":35}}]}},"s":{"0":4,"1":4,"2":4,"3":26,"4":26,"5":26,"6":26,"7":4,"8":9,"9":8,"10":4,"11":1,"12":4,"13":4,"14":4},"f":{"0":4,"1":26,"2":9,"3":1},"b":{"0":[8,1],"1":[1,1]}}
,"C:\\Users\\neethu.kp\\GitRepo-workspace\\accsm-sg-ui\\src\\main\\webapp\\src\\app\\shared\\services\\user-info.service.ts": {"path":"C:\\Users\\neethu.kp\\GitRepo-workspace\\accsm-sg-ui\\src\\main\\webapp\\src\\app\\shared\\services\\user-info.service.ts","statementMap":{"0":{"start":{"line":5,"column":0},"end":{"line":5,"column":43}},"1":{"start":{"line":7,"column":0},"end":{"line":7,"column":60}},"2":{"start":{"line":11,"column":0},"end":{"line":11,"column":13}},"3":{"start":{"line":12,"column":1},"end":{"line":12,"column":51}},"4":{"start":{"line":13,"column":9},"end":{"line":13,"column":89}},"5":{"start":{"line":14,"column":1},"end":{"line":14,"column":66}},"6":{"start":{"line":17,"column":1},"end":{"line":19,"column":null}},"7":{"start":{"line":18,"column":2},"end":{"line":18,"column":23}},"8":{"start":{"line":21,"column":1},"end":{"line":28,"column":null}},"9":{"start":{"line":22,"column":2},"end":{"line":26,"column":null}},"10":{"start":{"line":22,"column":18},"end":{"line":22,"column":24}},"11":{"start":{"line":22,"column":18},"end":{"line":22,"column":39}},"12":{"start":{"line":22,"column":14},"end":{"line":22,"column":18}},"13":{"start":{"line":23,"column":3},"end":{"line":25,"column":null}},"14":{"start":{"line":24,"column":4},"end":{"line":24,"column":43}},"15":{"start":{"line":27,"column":2},"end":{"line":27,"column":43}},"16":{"start":{"line":11,"column":13},"end":{"line":29,"column":null}},"17":{"start":{"line":29,"column":0},"end":{"line":29,"column":null}},"18":{"start":{"line":11,"column":13},"end":{"line":11,"column":28}}},"fnMap":{"0":{"name":"(anonymous_2)","decl":{"start":{"line":11,"column":0},"end":{"line":11,"column":13}},"loc":{"start":{"line":11,"column":0},"end":{"line":11,"column":13}}},"1":{"name":"UserInfoService","decl":{"start":{"line":15,"column":1},"end":{"line":15,"column":16}},"loc":{"start":{"line":15,"column":1},"end":{"line":15,"column":17}}},"2":{"name":"(anonymous_4)","decl":{"start":{"line":17,"column":1},"end":{"line":17,"column":12}},"loc":{"start":{"line":17,"column":1},"end":{"line":19,"column":2}}},"3":{"name":"(anonymous_5)","decl":{"start":{"line":21,"column":1},"end":{"line":21,"column":15}},"loc":{"start":{"line":21,"column":24},"end":{"line":28,"column":2}}}},"branchMap":{"0":{"loc":{"start":{"line":23,"column":3},"end":{"line":25,"column":null}},"type":"if","locations":[{"start":{"line":23,"column":3},"end":{"line":25,"column":null}},{"start":{"line":23,"column":3},"end":{"line":25,"column":null}}]}},"s":{"0":3,"1":3,"2":3,"3":23,"4":23,"5":23,"6":3,"7":22,"8":3,"9":1,"10":1,"11":1,"12":2,"13":2,"14":0,"15":1,"16":3,"17":3,"18":3},"f":{"0":3,"1":23,"2":22,"3":1},"b":{"0":[0,2]}}
,"C:\\Users\\neethu.kp\\GitRepo-workspace\\accsm-sg-ui\\src\\main\\webapp\\src\\app\\shared\\services\\utility.service.ts": {"path":"C:\\Users\\neethu.kp\\GitRepo-workspace\\accsm-sg-ui\\src\\main\\webapp\\src\\app\\shared\\services\\utility.service.ts","statementMap":{"0":{"start":{"line":5,"column":0},"end":{"line":5,"column":43}},"1":{"start":{"line":7,"column":0},"end":{"line":7,"column":63}},"2":{"start":{"line":11,"column":0},"end":{"line":11,"column":13}},"3":{"start":{"line":14,"column":1},"end":{"line":27,"column":null}},"4":{"start":{"line":15,"column":32},"end":{"line":15,"column":34}},"5":{"start":{"line":16,"column":2},"end":{"line":20,"column":5}},"6":{"start":{"line":17,"column":3},"end":{"line":19,"column":null}},"7":{"start":{"line":18,"column":4},"end":{"line":18,"column":53}},"8":{"start":{"line":22,"column":2},"end":{"line":24,"column":null}},"9":{"start":{"line":23,"column":3},"end":{"line":23,"column":55}},"10":{"start":{"line":26,"column":2},"end":{"line":26,"column":17}},"11":{"start":{"line":29,"column":1},"end":{"line":39,"column":null}},"12":{"start":{"line":30,"column":2},"end":{"line":38,"column":null}},"13":{"start":{"line":31,"column":3},"end":{"line":31,"column":45}},"14":{"start":{"line":32,"column":9},"end":{"line":38,"column":null}},"15":{"start":{"line":33,"column":3},"end":{"line":33,"column":45}},"16":{"start":{"line":35,"column":17},"end":{"line":35,"column":28}},"17":{"start":{"line":36,"column":3},"end":{"line":36,"column":68}},"18":{"start":{"line":37,"column":3},"end":{"line":37,"column":45}},"19":{"start":{"line":11,"column":13},"end":{"line":40,"column":null}},"20":{"start":{"line":40,"column":0},"end":{"line":40,"column":null}},"21":{"start":{"line":11,"column":13},"end":{"line":11,"column":27}}},"fnMap":{"0":{"name":"(anonymous_2)","decl":{"start":{"line":11,"column":0},"end":{"line":11,"column":13}},"loc":{"start":{"line":11,"column":0},"end":{"line":11,"column":13}}},"1":{"name":"UtilityService","decl":{"start":{"line":12,"column":1},"end":{"line":12,"column":16}},"loc":{"start":{"line":12,"column":1},"end":{"line":12,"column":17}}},"2":{"name":"(anonymous_4)","decl":{"start":{"line":14,"column":1},"end":{"line":14,"column":16}},"loc":{"start":{"line":14,"column":34},"end":{"line":27,"column":2}}},"3":{"name":"(anonymous_5)","decl":{"start":{"line":16,"column":16},"end":{"line":16,"column":17}},"loc":{"start":{"line":16,"column":24},"end":{"line":20,"column":3}}},"4":{"name":"(anonymous_6)","decl":{"start":{"line":29,"column":1},"end":{"line":29,"column":18}},"loc":{"start":{"line":29,"column":31},"end":{"line":39,"column":2}}}},"branchMap":{"0":{"loc":{"start":{"line":17,"column":3},"end":{"line":19,"column":null}},"type":"if","locations":[{"start":{"line":17,"column":3},"end":{"line":19,"column":null}},{"start":{"line":17,"column":3},"end":{"line":19,"column":null}}]},"1":{"loc":{"start":{"line":17,"column":7},"end":{"line":17,"column":23}},"type":"binary-expr","locations":[{"start":{"line":17,"column":7},"end":{"line":17,"column":23}},{"start":{"line":17,"column":27},"end":{"line":17,"column":41}}]},"2":{"loc":{"start":{"line":22,"column":2},"end":{"line":24,"column":null}},"type":"if","locations":[{"start":{"line":22,"column":2},"end":{"line":24,"column":null}},{"start":{"line":22,"column":2},"end":{"line":24,"column":null}}]},"3":{"loc":{"start":{"line":30,"column":2},"end":{"line":38,"column":null}},"type":"if","locations":[{"start":{"line":30,"column":2},"end":{"line":38,"column":null}},{"start":{"line":30,"column":2},"end":{"line":38,"column":null}}]},"4":{"loc":{"start":{"line":32,"column":9},"end":{"line":38,"column":null}},"type":"if","locations":[{"start":{"line":32,"column":9},"end":{"line":38,"column":null}},{"start":{"line":32,"column":9},"end":{"line":38,"column":null}}]}},"s":{"0":3,"1":3,"2":3,"3":3,"4":6,"5":6,"6":12,"7":12,"8":6,"9":1,"10":6,"11":3,"12":7,"13":5,"14":2,"15":1,"16":1,"17":1,"18":1,"19":3,"20":3,"21":3},"f":{"0":3,"1":16,"2":6,"3":12,"4":7},"b":{"0":[12,0],"1":[12,12],"2":[1,5],"3":[5,2],"4":[1,1]}}
,"C:\\Users\\neethu.kp\\GitRepo-workspace\\accsm-sg-ui\\src\\main\\webapp\\src\\environments\\environment.ts": {"path":"C:\\Users\\neethu.kp\\GitRepo-workspace\\accsm-sg-ui\\src\\main\\webapp\\src\\environments\\environment.ts","statementMap":{"0":{"start":{"line":5,"column":13},"end":{"line":9,"column":2}}},"fnMap":{},"branchMap":{},"s":{"0":3},"f":{},"b":{}}
}
