TN:
SF:C:\Users\neethu.kp\GitRepo-workspace\accsm-sg-ui\src\main\webapp\src\app\app-routing.module.ts
FN:14,(anonymous_1)
FNF:1
FNH:1
FNDA:7,(anonymous_1)
DA:1,1
DA:2,1
DA:3,1
DA:4,1
DA:6,1
DA:14,1
LF:6
LH:6
BRF:0
BRH:0
end_of_record
TN:
SF:C:\Users\neethu.kp\GitRepo-workspace\accsm-sg-ui\src\main\webapp\src\app\app.component.html
FNF:0
FNH:0
DA:1,2
LF:1
LH:1
BRF:0
BRH:0
end_of_record
TN:
SF:C:\Users\neethu.kp\GitRepo-workspace\accsm-sg-ui\src\main\webapp\src\app\app.component.ts
FN:14,(anonymous_4)
FN:17,AppComponent
FN:25,(anonymous_6)
FN:33,(anonymous_7)
FN:34,(anonymous_8)
FN:36,(anonymous_9)
FN:41,(anonymous_10)
FN:43,(anonymous_11)
FN:49,(anonymous_12)
FN:51,(anonymous_13)
FN:58,(anonymous_14)
FN:59,(anonymous_15)
FNF:12
FNH:12
FNDA:2,(anonymous_4)
FNDA:20,AppComponent
FNDA:4,(anonymous_6)
FNDA:4,(anonymous_7)
FNDA:1,(anonymous_8)
FNDA:1,(anonymous_9)
FNDA:1,(anonymous_10)
FNDA:1,(anonymous_11)
FNDA:1,(anonymous_12)
FNDA:1,(anonymous_13)
FNDA:18,(anonymous_14)
FNDA:9,(anonymous_15)
DA:1,2
DA:2,2
DA:4,2
DA:6,2
DA:7,2
DA:14,2
DA:15,20
DA:16,20
DA:18,20
DA:19,20
DA:20,20
DA:21,20
DA:22,20
DA:25,2
DA:30,4
DA:33,4
DA:34,4
DA:35,1
DA:36,1
DA:37,1
DA:40,4
DA:41,4
DA:42,1
DA:43,1
DA:44,1
DA:47,4
DA:49,4
DA:50,1
DA:51,1
DA:52,1
DA:55,4
DA:58,2
DA:59,18
DA:61,2
LF:34
LH:34
BRF:0
BRH:0
end_of_record
TN:
SF:C:\Users\neethu.kp\GitRepo-workspace\accsm-sg-ui\src\main\webapp\src\app\edi-cancel\edi-cancel.component.html
FNF:0
FNH:0
DA:1,2
LF:1
LH:1
BRF:0
BRH:0
end_of_record
TN:
SF:C:\Users\neethu.kp\GitRepo-workspace\accsm-sg-ui\src\main\webapp\src\app\edi-cancel\edi-cancel.component.ts
FN:17,(anonymous_2)
FN:32,EdiCancelComponent
FN:40,(anonymous_4)
FN:42,(anonymous_5)
FN:47,(anonymous_6)
FN:55,(anonymous_7)
FN:60,(anonymous_8)
FN:64,(anonymous_9)
FN:72,(anonymous_10)
FN:77,(anonymous_11)
FN:81,(anonymous_12)
FN:87,(anonymous_13)
FN:93,(anonymous_14)
FN:108,(anonymous_15)
FN:113,(anonymous_16)
FN:122,(anonymous_17)
FN:127,(anonymous_18)
FN:132,(anonymous_19)
FN:142,(anonymous_20)
FN:147,(anonymous_21)
FN:164,(anonymous_22)
FN:174,(anonymous_23)
FN:177,(anonymous_24)
FN:182,(anonymous_25)
FN:184,(anonymous_26)
FN:193,(anonymous_27)
FN:197,(anonymous_28)
FN:205,(anonymous_29)
FN:209,(anonymous_30)
FN:240,(anonymous_31)
FNF:30
FNH:25
FNDA:2,(anonymous_2)
FNDA:14,EdiCancelComponent
FNDA:14,(anonymous_4)
FNDA:14,(anonymous_5)
FNDA:1,(anonymous_6)
FNDA:1,(anonymous_7)
FNDA:0,(anonymous_8)
FNDA:1,(anonymous_9)
FNDA:1,(anonymous_10)
FNDA:0,(anonymous_11)
FNDA:1,(anonymous_12)
FNDA:1,(anonymous_13)
FNDA:4,(anonymous_14)
FNDA:2,(anonymous_15)
FNDA:0,(anonymous_16)
FNDA:2,(anonymous_17)
FNDA:0,(anonymous_18)
FNDA:3,(anonymous_19)
FNDA:4,(anonymous_20)
FNDA:3,(anonymous_21)
FNDA:1,(anonymous_22)
FNDA:1,(anonymous_23)
FNDA:3,(anonymous_24)
FNDA:5,(anonymous_25)
FNDA:23,(anonymous_26)
FNDA:3,(anonymous_27)
FNDA:8,(anonymous_28)
FNDA:2,(anonymous_29)
FNDA:8,(anonymous_30)
FNDA:0,(anonymous_31)
DA:1,2
DA:3,2
DA:4,2
DA:5,2
DA:6,2
DA:7,2
DA:9,2
DA:10,2
DA:17,2
DA:18,14
DA:19,14
DA:20,14
DA:21,14
DA:22,14
DA:23,14
DA:24,14
DA:25,14
DA:26,14
DA:28,14
DA:29,14
DA:30,14
DA:33,14
DA:34,14
DA:35,14
DA:36,14
DA:37,14
DA:40,14
DA:41,14
DA:42,14
DA:43,14
DA:47,2
DA:48,1
DA:49,1
DA:50,1
DA:51,1
DA:52,1
DA:53,1
DA:54,1
DA:56,1
DA:57,1
DA:64,2
DA:65,1
DA:66,1
DA:67,1
DA:68,1
DA:69,1
DA:70,1
DA:71,1
DA:73,1
DA:74,1
DA:81,2
DA:82,1
DA:83,1
DA:87,2
DA:88,1
DA:89,1
DA:93,4
DA:94,4
DA:95,4
DA:97,2
DA:100,2
DA:102,2
DA:103,2
DA:107,2
DA:109,2
DA:110,2
DA:116,4
DA:117,2
DA:121,2
DA:123,2
DA:124,2
DA:132,2
DA:133,3
DA:134,3
DA:135,3
DA:136,2
DA:138,1
DA:142,2
DA:143,4
DA:144,4
DA:147,3
DA:148,3
DA:151,3
DA:153,1
DA:154,1
DA:164,2
DA:165,1
DA:166,1
DA:167,1
DA:168,1
DA:169,1
DA:170,1
DA:171,1
DA:174,2
DA:175,1
DA:176,1
DA:177,3
DA:182,2
DA:183,5
DA:184,23
DA:185,5
DA:186,2
DA:188,3
DA:190,5
DA:193,3
DA:194,3
DA:195,2
DA:197,2
DA:198,8
DA:199,8
DA:202,2
DA:204,2
DA:206,2
DA:207,2
DA:208,2
DA:209,2
DA:210,8
DA:211,1
DA:212,1
DA:214,8
DA:216,2
DA:217,1
DA:218,1
DA:226,1
DA:227,1
DA:237,2
DA:243,1
DA:244,1
DA:253,2
LF:129
LH:129
BRDA:56,0,0,1
BRDA:56,0,1,0
BRDA:73,1,0,1
BRDA:73,1,1,0
BRDA:82,2,0,1
BRDA:82,2,1,0
BRDA:82,3,0,1
BRDA:82,3,1,1
BRDA:88,4,0,1
BRDA:88,4,1,0
BRDA:88,5,0,1
BRDA:88,5,1,1
BRDA:95,6,0,2
BRDA:95,6,1,2
BRDA:95,7,0,4
BRDA:95,7,1,3
BRDA:98,8,0,1
BRDA:98,8,1,1
BRDA:97,9,0,2
BRDA:97,9,1,1
BRDA:105,10,0,1
BRDA:105,10,1,1
BRDA:109,11,0,2
BRDA:109,11,1,0
BRDA:116,12,0,2
BRDA:116,12,1,2
BRDA:123,13,0,2
BRDA:123,13,1,0
BRDA:135,14,0,2
BRDA:135,14,1,1
BRDA:144,15,0,3
BRDA:144,15,1,1
BRDA:175,16,0,1
BRDA:175,16,1,0
BRDA:177,17,0,3
BRDA:177,17,1,2
BRDA:184,18,0,23
BRDA:184,18,1,5
BRDA:185,19,0,2
BRDA:185,19,1,3
BRDA:194,20,0,2
BRDA:194,20,1,1
BRDA:206,21,0,2
BRDA:206,21,1,0
BRDA:210,22,0,1
BRDA:210,22,1,7
BRDA:216,23,0,1
BRDA:216,23,1,1
BRF:48
BRH:40
end_of_record
TN:
SF:C:\Users\neethu.kp\GitRepo-workspace\accsm-sg-ui\src\main\webapp\src\app\footer\footer.component.html
FNF:0
FNH:0
DA:1,2
LF:1
LH:1
BRF:0
BRH:0
end_of_record
TN:
SF:C:\Users\neethu.kp\GitRepo-workspace\accsm-sg-ui\src\main\webapp\src\app\footer\footer.component.ts
FN:9,(anonymous_2)
FN:11,FooterComponent
FN:13,(anonymous_4)
FN:14,(anonymous_5)
FNF:4
FNH:3
FNDA:2,(anonymous_2)
FNDA:7,FooterComponent
FNDA:5,(anonymous_4)
FNDA:0,(anonymous_5)
DA:1,2
DA:2,2
DA:9,2
DA:11,7
DA:13,5
DA:14,5
DA:15,0
DA:16,0
DA:19,2
LF:9
LH:7
BRF:0
BRH:0
end_of_record
TN:
SF:C:\Users\neethu.kp\GitRepo-workspace\accsm-sg-ui\src\main\webapp\src\app\header\header.component.html
FNF:0
FNH:0
DA:1,2
LF:1
LH:1
BRF:0
BRH:0
end_of_record
TN:
SF:C:\Users\neethu.kp\GitRepo-workspace\accsm-sg-ui\src\main\webapp\src\app\header\header.component.ts
FN:12,(anonymous_2)
FN:22,HeaderComponent
FN:24,(anonymous_4)
FN:32,(anonymous_5)
FN:40,(anonymous_6)
FN:41,(anonymous_7)
FNF:6
FNH:6
FNDA:2,(anonymous_2)
FNDA:10,HeaderComponent
FNDA:8,(anonymous_4)
FNDA:1,(anonymous_5)
FNDA:8,(anonymous_6)
FNDA:2,(anonymous_7)
DA:1,2
DA:4,2
DA:5,2
DA:12,2
DA:13,10
DA:14,10
DA:16,10
DA:17,10
DA:18,10
DA:19,10
DA:20,10
DA:22,10
DA:24,2
DA:25,8
DA:26,8
DA:27,8
DA:29,8
DA:32,2
DA:34,1
DA:35,1
DA:37,1
DA:40,8
DA:41,8
DA:42,2
DA:44,8
DA:46,2
LF:26
LH:26
BRDA:34,0,0,1
BRDA:34,0,1,0
BRF:2
BRH:1
end_of_record
TN:
SF:C:\Users\neethu.kp\GitRepo-workspace\accsm-sg-ui\src\main\webapp\src\app\shared\components\error-template\error-template.component.html
FNF:0
FNH:0
DA:1,2
LF:1
LH:1
BRF:0
BRH:0
end_of_record
TN:
SF:C:\Users\neethu.kp\GitRepo-workspace\accsm-sg-ui\src\main\webapp\src\app\shared\components\error-template\error-template.component.ts
FN:28,(anonymous_4)
FN:51,ErrorTemplateComponent
FN:53,(anonymous_6)
FN:62,(anonymous_7)
FN:76,(anonymous_8)
FN:89,(anonymous_9)
FN:93,(anonymous_10)
FN:97,(anonymous_11)
FN:104,(anonymous_12)
FN:134,(anonymous_13)
FN:154,(anonymous_14)
FNF:11
FNH:9
FNDA:2,(anonymous_4)
FNDA:10,ErrorTemplateComponent
FNDA:8,(anonymous_6)
FNDA:6,(anonymous_7)
FNDA:1,(anonymous_8)
FNDA:108,(anonymous_9)
FNDA:0,(anonymous_10)
FNDA:0,(anonymous_11)
FNDA:12,(anonymous_12)
FNDA:8,(anonymous_13)
FNDA:12,(anonymous_14)
DA:6,2
DA:16,2
DA:19,2
DA:20,2
DA:28,2
DA:29,10
DA:31,10
DA:33,2
DA:35,2
DA:37,2
DA:39,10
DA:41,2
DA:43,10
DA:51,10
DA:53,8
DA:54,8
DA:55,0
DA:56,0
DA:60,8
DA:61,8
DA:63,6
DA:64,6
DA:65,6
DA:67,6
DA:68,6
DA:75,8
DA:77,1
DA:78,0
DA:79,0
DA:82,1
DA:89,2
DA:90,108
DA:93,2
DA:94,0
DA:97,2
DA:98,0
DA:99,0
DA:101,0
DA:104,2
DA:105,12
DA:106,12
DA:107,12
DA:108,12
DA:110,0
DA:111,0
DA:114,4
DA:115,4
DA:118,6
DA:119,6
DA:122,2
DA:123,2
DA:126,0
DA:127,0
DA:131,12
DA:134,2
DA:135,8
DA:136,6
DA:139,8
DA:140,6
DA:143,8
DA:144,0
DA:147,2
DA:154,2
LF:63
LH:50
BRDA:54,0,0,0
BRDA:54,0,1,8
BRDA:54,1,0,8
BRDA:54,1,1,0
BRDA:60,2,0,8
BRDA:60,2,1,0
BRDA:60,3,0,8
BRDA:60,3,1,8
BRDA:63,4,0,6
BRDA:63,4,1,0
BRDA:64,5,0,6
BRDA:64,5,1,0
BRDA:67,6,0,6
BRDA:67,6,1,6
BRDA:77,7,0,0
BRDA:77,7,1,1
BRDA:78,8,0,0
BRDA:78,8,1,0
BRDA:90,9,0,108
BRDA:90,9,1,48
BRDA:106,10,0,12
BRDA:106,10,1,0
BRDA:109,11,0,0
BRDA:109,11,1,4
BRDA:109,11,2,6
BRDA:109,11,3,2
BRDA:109,11,4,0
BRDA:135,12,0,6
BRDA:135,12,1,2
BRDA:139,13,0,6
BRDA:139,13,1,2
BRDA:143,14,0,0
BRDA:143,14,1,8
BRF:33
BRH:21
end_of_record
TN:
SF:C:\Users\neethu.kp\GitRepo-workspace\accsm-sg-ui\src\main\webapp\src\app\shared\components\progress-spinner-dialog\progress-spinner-dialog.component.ts
FN:36,(anonymous_4)
FN:39,ProgressSpinnerDialogComponent
FNF:2
FNH:2
FNDA:4,(anonymous_4)
FNDA:18,ProgressSpinnerDialogComponent
DA:1,4
DA:2,4
DA:36,4
DA:39,18
DA:40,18
DA:43,4
LF:6
LH:6
BRF:0
BRH:0
end_of_record
TN:
SF:C:\Users\neethu.kp\GitRepo-workspace\accsm-sg-ui\src\main\webapp\src\app\shared\constants\ediFilterTypes.ts
FN:5,(anonymous_0)
FNF:1
FNH:1
FNDA:2,(anonymous_0)
DA:5,2
DA:6,2
DA:7,2
DA:8,2
LF:4
LH:4
BRDA:5,0,0,2
BRDA:5,0,1,2
BRF:2
BRH:2
end_of_record
TN:
SF:C:\Users\neethu.kp\GitRepo-workspace\accsm-sg-ui\src\main\webapp\src\app\shared\errors\application-error.ts
FN:1,(anonymous_6)
FN:9,ApplicationError
FNF:2
FNH:2
FNDA:4,(anonymous_6)
FNDA:2,ApplicationError
DA:1,4
DA:2,2
DA:5,2
DA:6,2
DA:7,2
DA:10,2
DA:11,2
DA:12,2
DA:14,4
LF:9
LH:9
BRDA:10,0,0,2
BRDA:10,0,1,0
BRF:2
BRH:1
end_of_record
TN:
SF:C:\Users\neethu.kp\GitRepo-workspace\accsm-sg-ui\src\main\webapp\src\app\shared\errors\bad-gateway-error.ts
FN:1,(anonymous_6)
FN:9,BadGatewayError
FNF:2
FNH:2
FNDA:3,(anonymous_6)
FNDA:1,BadGatewayError
DA:1,3
DA:2,1
DA:5,1
DA:6,1
DA:7,1
DA:10,1
DA:11,1
DA:12,1
DA:13,1
DA:15,3
LF:10
LH:10
BRDA:10,0,0,1
BRDA:10,0,1,0
BRF:2
BRH:1
end_of_record
TN:
SF:C:\Users\neethu.kp\GitRepo-workspace\accsm-sg-ui\src\main\webapp\src\app\shared\errors\bad-req-error.ts
FN:1,(anonymous_6)
FN:9,BadRequestError
FNF:2
FNH:2
FNDA:3,(anonymous_6)
FNDA:1,BadRequestError
DA:1,3
DA:2,1
DA:5,1
DA:6,1
DA:7,1
DA:10,1
DA:11,1
DA:12,1
DA:13,1
DA:15,3
LF:10
LH:10
BRDA:10,0,0,1
BRDA:10,0,1,0
BRF:2
BRH:1
end_of_record
TN:
SF:C:\Users\neethu.kp\GitRepo-workspace\accsm-sg-ui\src\main\webapp\src\app\shared\errors\internal-server-error.ts
FN:1,(anonymous_6)
FN:9,InternalServerError
FNF:2
FNH:2
FNDA:3,(anonymous_6)
FNDA:1,InternalServerError
DA:1,3
DA:2,1
DA:5,1
DA:6,1
DA:7,1
DA:10,1
DA:11,1
DA:12,1
DA:14,3
LF:9
LH:9
BRDA:10,0,0,1
BRDA:10,0,1,0
BRF:2
BRH:1
end_of_record
TN:
SF:C:\Users\neethu.kp\GitRepo-workspace\accsm-sg-ui\src\main\webapp\src\app\shared\errors\not-found-error.ts
FN:1,(anonymous_6)
FN:9,NotFoundError
FNF:2
FNH:2
FNDA:3,(anonymous_6)
FNDA:9,NotFoundError
DA:1,3
DA:2,9
DA:5,9
DA:6,9
DA:7,9
DA:10,9
DA:11,9
DA:12,9
DA:13,9
DA:15,3
LF:10
LH:10
BRDA:10,0,0,9
BRDA:10,0,1,0
BRF:2
BRH:1
end_of_record
TN:
SF:C:\Users\neethu.kp\GitRepo-workspace\accsm-sg-ui\src\main\webapp\src\app\shared\errors\unauthorized-error.ts
FN:1,(anonymous_6)
FN:9,UnAuthorizedError
FNF:2
FNH:2
FNDA:3,(anonymous_6)
FNDA:1,UnAuthorizedError
DA:1,3
DA:2,1
DA:5,1
DA:6,1
DA:7,1
DA:10,1
DA:11,1
DA:12,1
DA:13,1
DA:15,3
LF:10
LH:10
BRDA:10,0,0,1
BRDA:10,0,1,0
BRF:2
BRH:1
end_of_record
TN:
SF:C:\Users\neethu.kp\GitRepo-workspace\accsm-sg-ui\src\main\webapp\src\app\shared\errors\unknown-error.ts
FN:1,(anonymous_6)
FN:9,UnKnownError
FNF:2
FNH:2
FNDA:3,(anonymous_6)
FNDA:1,UnKnownError
DA:1,3
DA:2,1
DA:5,1
DA:6,1
DA:7,1
DA:10,1
DA:11,1
DA:12,1
DA:13,1
DA:15,3
LF:10
LH:10
BRDA:10,0,0,1
BRDA:10,0,1,0
BRF:2
BRH:1
end_of_record
TN:
SF:C:\Users\neethu.kp\GitRepo-workspace\accsm-sg-ui\src\main\webapp\src\app\shared\globals\globals.ts
FN:15,(anonymous_4)
FN:17,Globals
FN:19,(anonymous_6)
FN:26,(anonymous_7)
FNF:4
FNH:4
FNDA:3,(anonymous_4)
FNDA:29,Globals
FNDA:17,(anonymous_6)
FNDA:17,(anonymous_7)
DA:6,3
DA:7,3
DA:8,3
DA:15,3
DA:17,29
DA:19,3
DA:20,17
DA:26,3
DA:27,17
DA:29,3
LF:10
LH:10
BRF:0
BRH:0
end_of_record
TN:
SF:C:\Users\neethu.kp\GitRepo-workspace\accsm-sg-ui\src\main\webapp\src\app\shared\modules\material.module.ts
FN:57,(anonymous_1)
FNF:1
FNH:1
FNDA:23,(anonymous_1)
DA:5,2
DA:6,2
DA:20,2
DA:21,2
DA:22,2
DA:57,2
LF:6
LH:6
BRF:0
BRH:0
end_of_record
TN:
SF:C:\Users\neethu.kp\GitRepo-workspace\accsm-sg-ui\src\main\webapp\src\app\shared\modules\primeng.module.ts
FN:79,(anonymous_1)
FNF:1
FNH:1
FNDA:28,(anonymous_1)
DA:5,3
DA:6,3
DA:7,3
DA:8,3
DA:9,3
DA:10,3
DA:11,3
DA:12,3
DA:13,3
DA:14,3
DA:15,3
DA:16,3
DA:17,3
DA:18,3
DA:19,3
DA:20,3
DA:21,3
DA:22,3
DA:23,3
DA:24,3
DA:25,3
DA:26,3
DA:27,3
DA:79,3
LF:24
LH:24
BRF:0
BRH:0
end_of_record
TN:
SF:C:\Users\neethu.kp\GitRepo-workspace\accsm-sg-ui\src\main\webapp\src\app\shared\routes\api_url.ts
FNF:0
FNH:0
DA:5,2
LF:1
LH:1
BRF:0
BRH:0
end_of_record
TN:
SF:C:\Users\neethu.kp\GitRepo-workspace\accsm-sg-ui\src\main\webapp\src\app\shared\routes\application_routes.ts
FNF:0
FNH:0
DA:5,1
LF:1
LH:1
BRF:0
BRH:0
end_of_record
TN:
SF:C:\Users\neethu.kp\GitRepo-workspace\accsm-sg-ui\src\main\webapp\src\app\shared\services\app.service.ts
FN:6,(anonymous_2)
FN:7,AppService
FN:13,(anonymous_4)
FNF:3
FNH:3
FNDA:3,(anonymous_2)
FNDA:8,AppService
FNDA:6,(anonymous_4)
DA:1,3
DA:2,3
DA:6,3
DA:7,8
DA:13,3
DA:14,6
DA:16,3
LF:7
LH:7
BRF:0
BRH:0
end_of_record
TN:
SF:C:\Users\neethu.kp\GitRepo-workspace\accsm-sg-ui\src\main\webapp\src\app\shared\services\common-api-caller.service.ts
FN:22,(anonymous_2)
FN:23,CommonApiCallerService
FN:25,(anonymous_4)
FN:31,(anonymous_5)
FN:37,(anonymous_6)
FN:45,(anonymous_7)
FN:51,(anonymous_8)
FN:61,(anonymous_9)
FN:66,(anonymous_10)
FN:72,(anonymous_11)
FN:80,(anonymous_12)
FN:86,(anonymous_13)
FN:97,(anonymous_14)
FN:102,(anonymous_15)
FN:108,(anonymous_16)
FN:116,(anonymous_17)
FN:122,(anonymous_18)
FN:132,(anonymous_19)
FN:137,(anonymous_20)
FN:143,(anonymous_21)
FN:151,(anonymous_22)
FN:157,(anonymous_23)
FN:167,(anonymous_24)
FNF:23
FNH:21
FNDA:3,(anonymous_2)
FNDA:29,CommonApiCallerService
FNDA:4,(anonymous_4)
FNDA:2,(anonymous_5)
FNDA:1,(anonymous_6)
FNDA:0,(anonymous_7)
FNDA:1,(anonymous_8)
FNDA:4,(anonymous_9)
FNDA:1,(anonymous_10)
FNDA:1,(anonymous_11)
FNDA:1,(anonymous_12)
FNDA:1,(anonymous_13)
FNDA:4,(anonymous_14)
FNDA:1,(anonymous_15)
FNDA:1,(anonymous_16)
FNDA:1,(anonymous_17)
FNDA:1,(anonymous_18)
FNDA:5,(anonymous_19)
FNDA:3,(anonymous_20)
FNDA:1,(anonymous_21)
FNDA:0,(anonymous_22)
FNDA:1,(anonymous_23)
FNDA:15,(anonymous_24)
DA:5,3
DA:6,3
DA:7,3
DA:8,3
DA:10,3
DA:11,3
DA:12,3
DA:13,3
DA:14,3
DA:15,3
DA:16,3
DA:17,3
DA:22,3
DA:23,29
DA:25,4
DA:26,4
DA:27,4
DA:28,4
DA:30,3
DA:32,2
DA:33,2
DA:34,2
DA:38,1
DA:40,1
DA:44,1
DA:46,0
DA:47,0
DA:48,0
DA:52,1
DA:54,1
DA:58,4
DA:61,4
DA:62,4
DA:63,4
DA:64,4
DA:65,2
DA:67,1
DA:68,1
DA:69,1
DA:73,1
DA:75,1
DA:79,2
DA:81,1
DA:82,1
DA:83,1
DA:87,1
DA:89,1
DA:94,4
DA:97,4
DA:98,4
DA:99,4
DA:100,4
DA:101,2
DA:103,1
DA:104,1
DA:105,1
DA:109,1
DA:111,1
DA:115,2
DA:117,1
DA:118,1
DA:119,1
DA:123,1
DA:125,1
DA:129,4
DA:132,5
DA:133,5
DA:134,5
DA:135,5
DA:136,4
DA:138,3
DA:139,3
DA:140,3
DA:144,1
DA:146,1
DA:150,1
DA:152,0
DA:153,0
DA:154,0
DA:158,1
DA:160,1
DA:164,5
DA:167,3
DA:168,15
DA:169,15
DA:171,1
DA:173,1
DA:175,1
DA:177,9
DA:179,1
DA:181,1
DA:183,1
DA:186,3
LF:93
LH:87
BRDA:28,0,0,3
BRDA:28,0,1,1
BRDA:32,1,0,2
BRDA:32,1,1,0
BRDA:46,2,0,0
BRDA:46,2,1,0
BRDA:64,3,0,2
BRDA:64,3,1,2
BRDA:67,4,0,1
BRDA:67,4,1,0
BRDA:81,5,0,1
BRDA:81,5,1,0
BRDA:100,6,0,2
BRDA:100,6,1,2
BRDA:103,7,0,1
BRDA:103,7,1,0
BRDA:117,8,0,1
BRDA:117,8,1,0
BRDA:135,9,0,4
BRDA:135,9,1,1
BRDA:138,10,0,3
BRDA:138,10,1,0
BRDA:152,11,0,0
BRDA:152,11,1,0
BRDA:170,12,0,1
BRDA:170,12,1,1
BRDA:170,12,2,1
BRDA:170,12,3,9
BRDA:170,12,4,1
BRDA:170,12,5,1
BRDA:170,12,6,1
BRF:31
BRH:21
end_of_record
TN:
SF:C:\Users\neethu.kp\GitRepo-workspace\accsm-sg-ui\src\main\webapp\src\app\shared\services\error-handler-service.ts
FN:11,(anonymous_2)
FN:12,ErrorHandlerService
FN:17,(anonymous_4)
FN:25,(anonymous_5)
FN:35,(anonymous_6)
FN:46,(anonymous_7)
FNF:6
FNH:6
FNDA:4,(anonymous_2)
FNDA:27,ErrorHandlerService
FNDA:2,(anonymous_4)
FNDA:2,(anonymous_5)
FNDA:2,(anonymous_6)
FNDA:2,(anonymous_7)
DA:5,4
DA:6,4
DA:11,4
DA:13,27
DA:14,27
DA:15,27
DA:16,27
DA:17,4
DA:18,2
DA:25,4
DA:26,2
DA:35,4
DA:36,2
DA:46,4
DA:47,2
DA:53,4
LF:16
LH:16
BRF:0
BRH:0
end_of_record
TN:
SF:C:\Users\neethu.kp\GitRepo-workspace\accsm-sg-ui\src\main\webapp\src\app\shared\services\error-message.service.ts
FN:10,(anonymous_1)
FN:9,ErrorMessageService
FN:17,(anonymous_3)
FN:23,(anonymous_4)
FNF:4
FNH:4
FNDA:4,(anonymous_1)
FNDA:26,ErrorMessageService
FNDA:9,(anonymous_3)
FNDA:1,(anonymous_4)
DA:5,4
DA:6,4
DA:10,4
DA:11,26
DA:12,26
DA:14,26
DA:15,26
DA:17,4
DA:18,9
DA:19,8
DA:23,4
DA:24,1
DA:26,4
LF:13
LH:13
BRDA:18,0,0,8
BRDA:18,0,1,1
BRDA:24,1,0,1
BRDA:24,1,1,1
BRF:4
BRH:4
end_of_record
TN:
SF:C:\Users\neethu.kp\GitRepo-workspace\accsm-sg-ui\src\main\webapp\src\app\shared\services\user-info.service.ts
FN:11,(anonymous_2)
FN:15,UserInfoService
FN:17,(anonymous_4)
FN:21,(anonymous_5)
FNF:4
FNH:4
FNDA:3,(anonymous_2)
FNDA:23,UserInfoService
FNDA:22,(anonymous_4)
FNDA:1,(anonymous_5)
DA:5,3
DA:7,3
DA:11,3
DA:12,23
DA:13,23
DA:14,23
DA:17,3
DA:18,22
DA:21,3
DA:22,2
DA:23,2
DA:24,0
DA:27,1
DA:29,3
LF:14
LH:13
BRDA:23,0,0,0
BRDA:23,0,1,2
BRF:2
BRH:1
end_of_record
TN:
SF:C:\Users\neethu.kp\GitRepo-workspace\accsm-sg-ui\src\main\webapp\src\app\shared\services\utility.service.ts
FN:11,(anonymous_2)
FN:12,UtilityService
FN:14,(anonymous_4)
FN:16,(anonymous_5)
FN:29,(anonymous_6)
FNF:5
FNH:5
FNDA:3,(anonymous_2)
FNDA:16,UtilityService
FNDA:6,(anonymous_4)
FNDA:12,(anonymous_5)
FNDA:7,(anonymous_6)
DA:5,3
DA:7,3
DA:11,3
DA:14,3
DA:15,6
DA:16,6
DA:17,12
DA:18,12
DA:22,6
DA:23,1
DA:26,6
DA:29,3
DA:30,7
DA:31,5
DA:32,2
DA:33,1
DA:35,1
DA:36,1
DA:37,1
DA:40,3
LF:20
LH:20
BRDA:17,0,0,12
BRDA:17,0,1,0
BRDA:17,1,0,12
BRDA:17,1,1,12
BRDA:22,2,0,1
BRDA:22,2,1,5
BRDA:30,3,0,5
BRDA:30,3,1,2
BRDA:32,4,0,1
BRDA:32,4,1,1
BRF:10
BRH:9
end_of_record
TN:
SF:C:\Users\neethu.kp\GitRepo-workspace\accsm-sg-ui\src\main\webapp\src\environments\environment.ts
FNF:0
FNH:0
DA:5,3
LF:1
LH:1
BRF:0
BRH:0
end_of_record
